ARM GAS  C:\Users\karth\AppData\Local\Temp\ccIUY7Fc.s 			page 1


   1              		.syntax unified
   2              		.cpu cortex-m3
   3              		.fpu softvfp
   4              		.eabi_attribute 20, 1
   5              		.eabi_attribute 21, 1
   6              		.eabi_attribute 23, 3
   7              		.eabi_attribute 24, 1
   8              		.eabi_attribute 25, 1
   9              		.eabi_attribute 26, 1
  10              		.eabi_attribute 30, 1
  11              		.eabi_attribute 34, 1
  12              		.eabi_attribute 18, 4
  13              		.thumb
  14              		.syntax unified
  15              		.file	"Button_1.c"
  16              		.text
  17              	.Ltext0:
  18              		.cfi_sections	.debug_frame
  19              		.section	.text.Button_1_myPollInt,"ax",%progbits
  20              		.align	2
  21              		.global	Button_1_myPollInt
  22              		.thumb
  23              		.thumb_func
  24              		.type	Button_1_myPollInt, %function
  25              	Button_1_myPollInt:
  26              	.LFB63:
  27              		.file 1 "Generated_Source\\PSoC5\\Button_1.c"
   1:Generated_Source\PSoC5/Button_1.c **** /* ============================================================================
   2:Generated_Source\PSoC5/Button_1.c ****  * File Name: ButtonSw32.c
   3:Generated_Source\PSoC5/Button_1.c ****  *   ButtonSw32_v0.0
   4:Generated_Source\PSoC5/Button_1.c ****  *
   5:Generated_Source\PSoC5/Button_1.c ****  * Description:
   6:Generated_Source\PSoC5/Button_1.c ****  *   Implements vertical counters algorithm using polling technique.
   7:Generated_Source\PSoC5/Button_1.c ****  *   Detects button pressed and released events.
   8:Generated_Source\PSoC5/Button_1.c ****  *   Detects up to 32 buttons. 
   9:Generated_Source\PSoC5/Button_1.c ****  *
  10:Generated_Source\PSoC5/Button_1.c ****  * Credits:
  11:Generated_Source\PSoC5/Button_1.c ****  *   based on vertical counters algorithm
  12:Generated_Source\PSoC5/Button_1.c ****  *    https://www.compuphase.com/electronics/debouncing.htm
  13:Generated_Source\PSoC5/Button_1.c ****  *
  14:Generated_Source\PSoC5/Button_1.c ****  * Note:
  15:Generated_Source\PSoC5/Button_1.c ****  *
  16:Generated_Source\PSoC5/Button_1.c ****  * ============================================================================
  17:Generated_Source\PSoC5/Button_1.c ****  * PROVIDED AS-IS, NO WARRANTY OF ANY KIND, INCLUDING, BUT NOT LIMITED TO, THE
  18:Generated_Source\PSoC5/Button_1.c ****  * IMPLIED WARRANTIES OF MERCHANTABILITY AND FITNESS FOR A PARTICULAR PURPOSE.
  19:Generated_Source\PSoC5/Button_1.c ****  * FREE TO SHARE, USE AND MODIFY UNDER TERMS: CREATIVE COMMONS - SHARE ALIKE
  20:Generated_Source\PSoC5/Button_1.c ****  * ============================================================================
  21:Generated_Source\PSoC5/Button_1.c **** */
  22:Generated_Source\PSoC5/Button_1.c ****    
  23:Generated_Source\PSoC5/Button_1.c **** #include <Button_1.h> // must specify API prefix in Symbol->Properties->Doc.APIPrefix
  24:Generated_Source\PSoC5/Button_1.c **** 
  25:Generated_Source\PSoC5/Button_1.c **** 
  26:Generated_Source\PSoC5/Button_1.c **** #define Button_1_MASK   ((Button_1_InpWidth==32)? (~0u) : ~(~0u<<Button_1_InpWidth))   // buttons m
  27:Generated_Source\PSoC5/Button_1.c ****  
  28:Generated_Source\PSoC5/Button_1.c **** 
  29:Generated_Source\PSoC5/Button_1.c **** //====================================
  30:Generated_Source\PSoC5/Button_1.c **** //        private variables
ARM GAS  C:\Users\karth\AppData\Local\Temp\ccIUY7Fc.s 			page 2


  31:Generated_Source\PSoC5/Button_1.c **** //====================================
  32:Generated_Source\PSoC5/Button_1.c **** 
  33:Generated_Source\PSoC5/Button_1.c **** 
  34:Generated_Source\PSoC5/Button_1.c **** //====================================
  35:Generated_Source\PSoC5/Button_1.c **** //        private functions
  36:Generated_Source\PSoC5/Button_1.c **** //====================================
  37:Generated_Source\PSoC5/Button_1.c **** //CY_ISR_PROTO(Button_1_myPollInt);   // interrupt on external polling clock
  38:Generated_Source\PSoC5/Button_1.c **** 
  39:Generated_Source\PSoC5/Button_1.c ****     
  40:Generated_Source\PSoC5/Button_1.c ****  
  41:Generated_Source\PSoC5/Button_1.c ****     
  42:Generated_Source\PSoC5/Button_1.c **** //==============================================================================
  43:Generated_Source\PSoC5/Button_1.c **** // interrupt on external clock for polling states
  44:Generated_Source\PSoC5/Button_1.c **** //
  45:Generated_Source\PSoC5/Button_1.c **** //==============================================================================
  46:Generated_Source\PSoC5/Button_1.c **** 
  47:Generated_Source\PSoC5/Button_1.c **** CY_ISR(Button_1_myPollInt) 
  48:Generated_Source\PSoC5/Button_1.c **** {   
  28              		.loc 1 48 0
  29              		.cfi_startproc
  30              		@ args = 0, pretend = 0, frame = 0
  31              		@ frame_needed = 0, uses_anonymous_args = 0
  32              		@ link register save eliminated.
  33 0000 10B4     		push	{r4}
  34              		.cfi_def_cfa_offset 4
  35              		.cfi_offset 4, -4
  36              	.LBB8:
  37              	.LBB9:
  38              	.LBB10:
  39              	.LBB11:
  49:Generated_Source\PSoC5/Button_1.c ****     
  50:Generated_Source\PSoC5/Button_1.c ****     Button_1_CheckStatus();  
  51:Generated_Source\PSoC5/Button_1.c ****     
  52:Generated_Source\PSoC5/Button_1.c **** }    
  53:Generated_Source\PSoC5/Button_1.c **** 
  54:Generated_Source\PSoC5/Button_1.c ****     
  55:Generated_Source\PSoC5/Button_1.c **** //==============================================================================
  56:Generated_Source\PSoC5/Button_1.c **** // Read pins status (using default read functions)
  57:Generated_Source\PSoC5/Button_1.c **** // returns current state: 32-bit word combining REG_3, REG_2, REG_1, REG_0 
  58:Generated_Source\PSoC5/Button_1.c **** //==============================================================================
  59:Generated_Source\PSoC5/Button_1.c **** /*
  60:Generated_Source\PSoC5/Button_1.c **** __INLINE uint32 Button_1_ReadPins() // 
  61:Generated_Source\PSoC5/Button_1.c **** {
  62:Generated_Source\PSoC5/Button_1.c ****     uint32 result; // 
  63:Generated_Source\PSoC5/Button_1.c **** 
  64:Generated_Source\PSoC5/Button_1.c ****     
  65:Generated_Source\PSoC5/Button_1.c ****     #if (Button_1_InpWidth <= 8u)    
  66:Generated_Source\PSoC5/Button_1.c ****         result  = ((uint32)Button_1_REG_0_Read());      // 
  67:Generated_Source\PSoC5/Button_1.c ****       
  68:Generated_Source\PSoC5/Button_1.c ****     #elif (Button_1_InpWidth <= 16u)
  69:Generated_Source\PSoC5/Button_1.c ****         result  = ((uint32)Button_1_REG_0_Read())    |  // 
  70:Generated_Source\PSoC5/Button_1.c ****                   ((uint32)Button_1_REG_1_Read()<<8u);  // 
  71:Generated_Source\PSoC5/Button_1.c ****           
  72:Generated_Source\PSoC5/Button_1.c ****     #elif (Button_1_InpWidth <= 24u)
  73:Generated_Source\PSoC5/Button_1.c ****         result  = ((uint32)Button_1_REG_0_Read())     |
  74:Generated_Source\PSoC5/Button_1.c ****                   ((uint32)Button_1_REG_1_Read()<<8u) |  // 
  75:Generated_Source\PSoC5/Button_1.c ****                   ((uint32)Button_1_REG_2_Read()<<16u);  // 
ARM GAS  C:\Users\karth\AppData\Local\Temp\ccIUY7Fc.s 			page 3


  76:Generated_Source\PSoC5/Button_1.c ****           
  77:Generated_Source\PSoC5/Button_1.c ****     #elif (Button_1_InpWidth <= 32u)
  78:Generated_Source\PSoC5/Button_1.c ****         result  = ((uint32)Button_1_REG_0_Read())     |
  79:Generated_Source\PSoC5/Button_1.c ****                   ((uint32)Button_1_REG_1_Read()<<8u) |    
  80:Generated_Source\PSoC5/Button_1.c ****                   ((uint32)Button_1_REG_2_Read()<<16u)|  // 
  81:Generated_Source\PSoC5/Button_1.c ****                   ((uint32)Button_1_REG_3_Read()<<24u);  // 
  82:Generated_Source\PSoC5/Button_1.c ****           
  83:Generated_Source\PSoC5/Button_1.c ****     #endif            
  84:Generated_Source\PSoC5/Button_1.c **** 
  85:Generated_Source\PSoC5/Button_1.c ****     return result;
  86:Generated_Source\PSoC5/Button_1.c **** }
  87:Generated_Source\PSoC5/Button_1.c **** */
  88:Generated_Source\PSoC5/Button_1.c **** 
  89:Generated_Source\PSoC5/Button_1.c **** //==============================================================================
  90:Generated_Source\PSoC5/Button_1.c **** // Read pins status (fast inline code)
  91:Generated_Source\PSoC5/Button_1.c **** // returns current state: 32-bit word combining REG_3, REG_2, REG_1, REG_0 
  92:Generated_Source\PSoC5/Button_1.c **** //==============================================================================
  93:Generated_Source\PSoC5/Button_1.c **** 
  94:Generated_Source\PSoC5/Button_1.c **** __INLINE uint32 Button_1_ReadPins() // 
  95:Generated_Source\PSoC5/Button_1.c **** {
  96:Generated_Source\PSoC5/Button_1.c ****     uint32 result; // 
  97:Generated_Source\PSoC5/Button_1.c ****     
  98:Generated_Source\PSoC5/Button_1.c ****     #if (Button_1_InpWidth <= 8u)    
  99:Generated_Source\PSoC5/Button_1.c ****         result  = ((uint32)((Button_1_REG_0_PS & Button_1_REG_0_MASK) >> Button_1_REG_0_SHIFT));   
  40              		.loc 1 99 0
  41 0002 0E4B     		ldr	r3, .L3
  42 0004 1B78     		ldrb	r3, [r3]	@ zero_extendqisi2
  43 0006 DB09     		lsrs	r3, r3, #7
  44              	.LBE11:
  45              	.LBE10:
 100:Generated_Source\PSoC5/Button_1.c ****       
 101:Generated_Source\PSoC5/Button_1.c ****     #elif (Button_1_InpWidth <= 16u)
 102:Generated_Source\PSoC5/Button_1.c ****         result  = ((uint32)((Button_1_REG_0_PS & Button_1_REG_0_MASK) >> Button_1_REG_0_SHIFT))    
 103:Generated_Source\PSoC5/Button_1.c ****                   ((uint32)((Button_1_REG_1_PS & Button_1_REG_1_MASK) >> Button_1_REG_1_SHIFT)<<8u)
 104:Generated_Source\PSoC5/Button_1.c ****           
 105:Generated_Source\PSoC5/Button_1.c ****     #elif (Button_1_InpWidth <= 24u)
 106:Generated_Source\PSoC5/Button_1.c ****         result  = ((uint32)((Button_1_REG_0_PS & Button_1_REG_0_MASK) >> Button_1_REG_0_SHIFT))    
 107:Generated_Source\PSoC5/Button_1.c ****                   ((uint32)((Button_1_REG_1_PS & Button_1_REG_1_MASK) >> Button_1_REG_1_SHIFT)<<8u)
 108:Generated_Source\PSoC5/Button_1.c ****                   ((uint32)((Button_1_REG_2_PS & Button_1_REG_2_MASK) >> Button_1_REG_2_SHIFT)<<16u
 109:Generated_Source\PSoC5/Button_1.c ****           
 110:Generated_Source\PSoC5/Button_1.c ****     #elif (Button_1_InpWidth <= 32u)
 111:Generated_Source\PSoC5/Button_1.c ****         result  = ((uint32)((Button_1_REG_0_PS & Button_1_REG_0_MASK) >> Button_1_REG_0_SHIFT))    
 112:Generated_Source\PSoC5/Button_1.c ****                   ((uint32)((Button_1_REG_1_PS & Button_1_REG_1_MASK) >> Button_1_REG_1_SHIFT)<<8u)
 113:Generated_Source\PSoC5/Button_1.c ****                   ((uint32)((Button_1_REG_2_PS & Button_1_REG_2_MASK) >> Button_1_REG_2_SHIFT)<<16u
 114:Generated_Source\PSoC5/Button_1.c ****                   ((uint32)((Button_1_REG_3_PS & Button_1_REG_3_MASK) >> Button_1_REG_3_SHIFT)<<24u
 115:Generated_Source\PSoC5/Button_1.c ****           
 116:Generated_Source\PSoC5/Button_1.c ****     #endif            
 117:Generated_Source\PSoC5/Button_1.c **** 
 118:Generated_Source\PSoC5/Button_1.c ****     return result;
 119:Generated_Source\PSoC5/Button_1.c **** }
 120:Generated_Source\PSoC5/Button_1.c **** 
 121:Generated_Source\PSoC5/Button_1.c **** 
 122:Generated_Source\PSoC5/Button_1.c **** //==============================================================================
 123:Generated_Source\PSoC5/Button_1.c **** // Checks pins status using vertical counters algorithm
 124:Generated_Source\PSoC5/Button_1.c **** // and sets event flags: pressed and released 
 125:Generated_Source\PSoC5/Button_1.c **** //==============================================================================
 126:Generated_Source\PSoC5/Button_1.c **** 
ARM GAS  C:\Users\karth\AppData\Local\Temp\ccIUY7Fc.s 			page 4


 127:Generated_Source\PSoC5/Button_1.c **** __INLINE void Button_1_CheckStatus() // 
 128:Generated_Source\PSoC5/Button_1.c **** {
 129:Generated_Source\PSoC5/Button_1.c ****            uint32 sample;           // pins sample
 130:Generated_Source\PSoC5/Button_1.c ****            uint32 delta;            // sample change
 131:Generated_Source\PSoC5/Button_1.c ****            uint32 toggle;           // toggled pins
 132:Generated_Source\PSoC5/Button_1.c ****     static uint32 cnt0, cnt1;       // counters
 133:Generated_Source\PSoC5/Button_1.c ****     static uint32 state;            // current pins state (1-pressed, 0-released)
 134:Generated_Source\PSoC5/Button_1.c **** 
 135:Generated_Source\PSoC5/Button_1.c ****     
 136:Generated_Source\PSoC5/Button_1.c ****     sample = Button_1_ReadPins();
 137:Generated_Source\PSoC5/Button_1.c ****     sample  = ~sample & Button_1_MASK; // 
  46              		.loc 1 137 0
  47 0008 83F00103 		eor	r3, r3, #1
  48              	.LVL0:
 138:Generated_Source\PSoC5/Button_1.c ****     
 139:Generated_Source\PSoC5/Button_1.c **** 
 140:Generated_Source\PSoC5/Button_1.c ****     // code returns the state and transition->
 141:Generated_Source\PSoC5/Button_1.c ****     delta = sample ^ state;
  49              		.loc 1 141 0
  50 000c 0C48     		ldr	r0, .L3+4
  51 000e 0268     		ldr	r2, [r0]
  52 0010 5340     		eors	r3, r3, r2
  53              	.LVL1:
 142:Generated_Source\PSoC5/Button_1.c ****     cnt1 = (cnt1 ^ cnt0) & delta;
  54              		.loc 1 142 0
  55 0012 4168     		ldr	r1, [r0, #4]
  56 0014 8468     		ldr	r4, [r0, #8]
  57 0016 4C40     		eors	r4, r4, r1
  58 0018 1C40     		ands	r4, r4, r3
  59 001a 8460     		str	r4, [r0, #8]
 143:Generated_Source\PSoC5/Button_1.c ****     cnt0 = ~cnt0 & delta;
  60              		.loc 1 143 0
  61 001c 23EA0101 		bic	r1, r3, r1
  62 0020 4160     		str	r1, [r0, #4]
 144:Generated_Source\PSoC5/Button_1.c **** 
 145:Generated_Source\PSoC5/Button_1.c ****     toggle = delta & ~(cnt0 | cnt1);
  63              		.loc 1 145 0
  64 0022 2143     		orrs	r1, r1, r4
  65 0024 23EA0103 		bic	r3, r3, r1
  66              	.LVL2:
 146:Generated_Source\PSoC5/Button_1.c ****     state ^= toggle;
  67              		.loc 1 146 0
  68 0028 5A40     		eors	r2, r2, r3
  69 002a 0260     		str	r2, [r0]
 147:Generated_Source\PSoC5/Button_1.c ****     
 148:Generated_Source\PSoC5/Button_1.c ****     //Button_1_State = state;
 149:Generated_Source\PSoC5/Button_1.c ****     
 150:Generated_Source\PSoC5/Button_1.c ****     #if (Button_1_Events & BTN_PRESSED)
 151:Generated_Source\PSoC5/Button_1.c ****         uint32 fBtnPressed = toggle & state;              // on rising edge
  70              		.loc 1 151 0
  71 002c 1340     		ands	r3, r3, r2
  72              	.LVL3:
 152:Generated_Source\PSoC5/Button_1.c ****         Button_1_Pressed |= fBtnPressed;    // latch pressed 
  73              		.loc 1 152 0
  74 002e 0549     		ldr	r1, .L3+8
  75 0030 0A68     		ldr	r2, [r1]
  76 0032 1343     		orrs	r3, r3, r2
ARM GAS  C:\Users\karth\AppData\Local\Temp\ccIUY7Fc.s 			page 5


  77              	.LVL4:
  78 0034 0B60     		str	r3, [r1]
  79              	.LBE9:
  80              	.LBE8:
  52:Generated_Source\PSoC5/Button_1.c **** 
  81              		.loc 1 52 0
  82 0036 10BC     		pop	{r4}
  83              		.cfi_restore 4
  84              		.cfi_def_cfa_offset 0
  85 0038 7047     		bx	lr
  86              	.L4:
  87 003a 00BF     		.align	2
  88              	.L3:
  89 003c 11510040 		.word	1073762577
  90 0040 00000000 		.word	.LANCHOR0
  91 0044 00000000 		.word	Button_1_Pressed
  92              		.cfi_endproc
  93              	.LFE63:
  94              		.size	Button_1_myPollInt, .-Button_1_myPollInt
  95              		.section	.text.Button_1_CheckStatus,"ax",%progbits
  96              		.align	2
  97              		.global	Button_1_CheckStatus
  98              		.thumb
  99              		.thumb_func
 100              		.type	Button_1_CheckStatus, %function
 101              	Button_1_CheckStatus:
 102              	.LFB65:
 128:Generated_Source\PSoC5/Button_1.c ****            uint32 sample;           // pins sample
 103              		.loc 1 128 0
 104              		.cfi_startproc
 105              		@ args = 0, pretend = 0, frame = 0
 106              		@ frame_needed = 0, uses_anonymous_args = 0
 107              		@ link register save eliminated.
 108 0000 10B4     		push	{r4}
 109              		.cfi_def_cfa_offset 4
 110              		.cfi_offset 4, -4
 111              	.LBB12:
 112              	.LBB13:
  99:Generated_Source\PSoC5/Button_1.c ****       
 113              		.loc 1 99 0
 114 0002 0E4B     		ldr	r3, .L7
 115 0004 1B78     		ldrb	r3, [r3]	@ zero_extendqisi2
 116 0006 DB09     		lsrs	r3, r3, #7
 117              	.LBE13:
 118              	.LBE12:
 137:Generated_Source\PSoC5/Button_1.c ****     
 119              		.loc 1 137 0
 120 0008 83F00103 		eor	r3, r3, #1
 121              	.LVL5:
 141:Generated_Source\PSoC5/Button_1.c ****     cnt1 = (cnt1 ^ cnt0) & delta;
 122              		.loc 1 141 0
 123 000c 0C48     		ldr	r0, .L7+4
 124 000e 0268     		ldr	r2, [r0]
 125 0010 5340     		eors	r3, r3, r2
 126              	.LVL6:
 142:Generated_Source\PSoC5/Button_1.c ****     cnt0 = ~cnt0 & delta;
 127              		.loc 1 142 0
ARM GAS  C:\Users\karth\AppData\Local\Temp\ccIUY7Fc.s 			page 6


 128 0012 4168     		ldr	r1, [r0, #4]
 129 0014 8468     		ldr	r4, [r0, #8]
 130 0016 4C40     		eors	r4, r4, r1
 131 0018 1C40     		ands	r4, r4, r3
 132 001a 8460     		str	r4, [r0, #8]
 143:Generated_Source\PSoC5/Button_1.c **** 
 133              		.loc 1 143 0
 134 001c 23EA0101 		bic	r1, r3, r1
 135 0020 4160     		str	r1, [r0, #4]
 145:Generated_Source\PSoC5/Button_1.c ****     state ^= toggle;
 136              		.loc 1 145 0
 137 0022 2143     		orrs	r1, r1, r4
 138 0024 23EA0103 		bic	r3, r3, r1
 139              	.LVL7:
 146:Generated_Source\PSoC5/Button_1.c ****     
 140              		.loc 1 146 0
 141 0028 5A40     		eors	r2, r2, r3
 142 002a 0260     		str	r2, [r0]
 151:Generated_Source\PSoC5/Button_1.c ****         Button_1_Pressed |= fBtnPressed;    // latch pressed 
 143              		.loc 1 151 0
 144 002c 1340     		ands	r3, r3, r2
 145              	.LVL8:
 146              		.loc 1 152 0
 147 002e 0549     		ldr	r1, .L7+8
 148 0030 0A68     		ldr	r2, [r1]
 149 0032 1343     		orrs	r3, r3, r2
 150              	.LVL9:
 151 0034 0B60     		str	r3, [r1]
 153:Generated_Source\PSoC5/Button_1.c ****     #endif
 154:Generated_Source\PSoC5/Button_1.c ****         
 155:Generated_Source\PSoC5/Button_1.c ****     #if (Button_1_Events & BTN_RELEASED)
 156:Generated_Source\PSoC5/Button_1.c ****         uint32 fBtnReleased = toggle & ~state;             // on falling edge
 157:Generated_Source\PSoC5/Button_1.c ****         Button_1_Released |= fBtnReleased;  // latch pressed  //+9 ticks
 158:Generated_Source\PSoC5/Button_1.c ****     #endif    
 159:Generated_Source\PSoC5/Button_1.c **** }
 152              		.loc 1 159 0
 153 0036 10BC     		pop	{r4}
 154              		.cfi_restore 4
 155              		.cfi_def_cfa_offset 0
 156 0038 7047     		bx	lr
 157              	.L8:
 158 003a 00BF     		.align	2
 159              	.L7:
 160 003c 11510040 		.word	1073762577
 161 0040 00000000 		.word	.LANCHOR0
 162 0044 00000000 		.word	Button_1_Pressed
 163              		.cfi_endproc
 164              	.LFE65:
 165              		.size	Button_1_CheckStatus, .-Button_1_CheckStatus
 166              		.section	.text.Button_1_Start,"ax",%progbits
 167              		.align	2
 168              		.global	Button_1_Start
 169              		.thumb
 170              		.thumb_func
 171              		.type	Button_1_Start, %function
 172              	Button_1_Start:
 173              	.LFB66:
ARM GAS  C:\Users\karth\AppData\Local\Temp\ccIUY7Fc.s 			page 7


 160:Generated_Source\PSoC5/Button_1.c **** 
 161:Generated_Source\PSoC5/Button_1.c **** 
 162:Generated_Source\PSoC5/Button_1.c **** //==============================================================================
 163:Generated_Source\PSoC5/Button_1.c **** // Initialize encoder 
 164:Generated_Source\PSoC5/Button_1.c **** //==============================================================================
 165:Generated_Source\PSoC5/Button_1.c **** 
 166:Generated_Source\PSoC5/Button_1.c **** void Button_1_Start()
 167:Generated_Source\PSoC5/Button_1.c **** { 
 174              		.loc 1 167 0
 175              		.cfi_startproc
 176              		@ args = 0, pretend = 0, frame = 0
 177              		@ frame_needed = 0, uses_anonymous_args = 0
 178 0000 08B5     		push	{r3, lr}
 179              		.cfi_def_cfa_offset 8
 180              		.cfi_offset 3, -8
 181              		.cfi_offset 14, -4
 168:Generated_Source\PSoC5/Button_1.c ****     #if Button_1_IsrInternal
 169:Generated_Source\PSoC5/Button_1.c ****         Button_1_isrPoll_StartEx(Button_1_myPollInt);//start isrPoll interrupt
 182              		.loc 1 169 0
 183 0002 0248     		ldr	r0, .L11
 184 0004 FFF7FEFF 		bl	Button_1_isrPoll_StartEx
 185              	.LVL10:
 186 0008 08BD     		pop	{r3, pc}
 187              	.L12:
 188 000a 00BF     		.align	2
 189              	.L11:
 190 000c 00000000 		.word	Button_1_myPollInt
 191              		.cfi_endproc
 192              	.LFE66:
 193              		.size	Button_1_Start, .-Button_1_Start
 194              		.section	.text.Button_1_Stop,"ax",%progbits
 195              		.align	2
 196              		.global	Button_1_Stop
 197              		.thumb
 198              		.thumb_func
 199              		.type	Button_1_Stop, %function
 200              	Button_1_Stop:
 201              	.LFB67:
 170:Generated_Source\PSoC5/Button_1.c ****     #endif    
 171:Generated_Source\PSoC5/Button_1.c **** } 
 172:Generated_Source\PSoC5/Button_1.c **** 
 173:Generated_Source\PSoC5/Button_1.c **** //==============================================================================
 174:Generated_Source\PSoC5/Button_1.c **** // Stop encoder 
 175:Generated_Source\PSoC5/Button_1.c **** //==============================================================================
 176:Generated_Source\PSoC5/Button_1.c **** 
 177:Generated_Source\PSoC5/Button_1.c **** void Button_1_Stop()
 178:Generated_Source\PSoC5/Button_1.c **** {    
 202              		.loc 1 178 0
 203              		.cfi_startproc
 204              		@ args = 0, pretend = 0, frame = 0
 205              		@ frame_needed = 0, uses_anonymous_args = 0
 206 0000 08B5     		push	{r3, lr}
 207              		.cfi_def_cfa_offset 8
 208              		.cfi_offset 3, -8
 209              		.cfi_offset 14, -4
 179:Generated_Source\PSoC5/Button_1.c ****     #if Button_1_IsrInternal
 180:Generated_Source\PSoC5/Button_1.c ****         Button_1_isrPoll_Stop();    //stop isrPoll interrupt
ARM GAS  C:\Users\karth\AppData\Local\Temp\ccIUY7Fc.s 			page 8


 210              		.loc 1 180 0
 211 0002 FFF7FEFF 		bl	Button_1_isrPoll_Stop
 212              	.LVL11:
 213 0006 08BD     		pop	{r3, pc}
 214              		.cfi_endproc
 215              	.LFE67:
 216              		.size	Button_1_Stop, .-Button_1_Stop
 217              		.comm	Button_1_Pressed,4,4
 218              		.bss
 219              		.align	2
 220              		.set	.LANCHOR0,. + 0
 221              		.type	state.5926, %object
 222              		.size	state.5926, 4
 223              	state.5926:
 224 0000 00000000 		.space	4
 225              		.type	cnt0.5924, %object
 226              		.size	cnt0.5924, 4
 227              	cnt0.5924:
 228 0004 00000000 		.space	4
 229              		.type	cnt1.5925, %object
 230              		.size	cnt1.5925, 4
 231              	cnt1.5925:
 232 0008 00000000 		.space	4
 233              		.text
 234              	.Letext0:
 235              		.file 2 "c:\\program files (x86)\\cypress\\psoc creator\\4.2\\psoc creator\\import\\gnu\\arm\\5.4.
 236              		.file 3 "c:\\program files (x86)\\cypress\\psoc creator\\4.2\\psoc creator\\import\\gnu\\arm\\5.4.
 237              		.file 4 "Generated_Source\\PSoC5/cytypes.h"
 238              		.file 5 "Generated_Source\\PSoC5/core_cm3.h"
 239              		.file 6 "Generated_Source\\PSoC5/Button_1.h"
 240              		.file 7 "Generated_Source\\PSoC5/Button_1_isrPoll.h"
 241              		.section	.debug_info,"",%progbits
 242              	.Ldebug_info0:
 243 0000 D1020000 		.4byte	0x2d1
 244 0004 0400     		.2byte	0x4
 245 0006 00000000 		.4byte	.Ldebug_abbrev0
 246 000a 04       		.byte	0x4
 247 000b 01       		.uleb128 0x1
 248 000c 62000000 		.4byte	.LASF33
 249 0010 0C       		.byte	0xc
 250 0011 92020000 		.4byte	.LASF34
 251 0015 1E010000 		.4byte	.LASF35
 252 0019 00000000 		.4byte	.Ldebug_ranges0+0
 253 001d 00000000 		.4byte	0
 254 0021 00000000 		.4byte	.Ldebug_line0
 255 0025 02       		.uleb128 0x2
 256 0026 01       		.byte	0x1
 257 0027 06       		.byte	0x6
 258 0028 86020000 		.4byte	.LASF0
 259 002c 02       		.uleb128 0x2
 260 002d 01       		.byte	0x1
 261 002e 08       		.byte	0x8
 262 002f 54000000 		.4byte	.LASF1
 263 0033 02       		.uleb128 0x2
 264 0034 02       		.byte	0x2
 265 0035 05       		.byte	0x5
 266 0036 53020000 		.4byte	.LASF2
ARM GAS  C:\Users\karth\AppData\Local\Temp\ccIUY7Fc.s 			page 9


 267 003a 02       		.uleb128 0x2
 268 003b 02       		.byte	0x2
 269 003c 07       		.byte	0x7
 270 003d 78010000 		.4byte	.LASF3
 271 0041 03       		.uleb128 0x3
 272 0042 12000000 		.4byte	.LASF9
 273 0046 02       		.byte	0x2
 274 0047 3F       		.byte	0x3f
 275 0048 4C000000 		.4byte	0x4c
 276 004c 02       		.uleb128 0x2
 277 004d 04       		.byte	0x4
 278 004e 05       		.byte	0x5
 279 004f 71020000 		.4byte	.LASF4
 280 0053 02       		.uleb128 0x2
 281 0054 04       		.byte	0x4
 282 0055 07       		.byte	0x7
 283 0056 98010000 		.4byte	.LASF5
 284 005a 02       		.uleb128 0x2
 285 005b 08       		.byte	0x8
 286 005c 05       		.byte	0x5
 287 005d 40020000 		.4byte	.LASF6
 288 0061 02       		.uleb128 0x2
 289 0062 08       		.byte	0x8
 290 0063 07       		.byte	0x7
 291 0064 F4010000 		.4byte	.LASF7
 292 0068 04       		.uleb128 0x4
 293 0069 04       		.byte	0x4
 294 006a 05       		.byte	0x5
 295 006b 696E7400 		.ascii	"int\000"
 296 006f 02       		.uleb128 0x2
 297 0070 04       		.byte	0x4
 298 0071 07       		.byte	0x7
 299 0072 D8010000 		.4byte	.LASF8
 300 0076 03       		.uleb128 0x3
 301 0077 3F000000 		.4byte	.LASF10
 302 007b 03       		.byte	0x3
 303 007c 2C       		.byte	0x2c
 304 007d 41000000 		.4byte	0x41
 305 0081 05       		.uleb128 0x5
 306 0082 5D020000 		.4byte	.LASF11
 307 0086 04       		.byte	0x4
 308 0087 9201     		.2byte	0x192
 309 0089 2C000000 		.4byte	0x2c
 310 008d 05       		.uleb128 0x5
 311 008e D1010000 		.4byte	.LASF12
 312 0092 04       		.byte	0x4
 313 0093 9401     		.2byte	0x194
 314 0095 53000000 		.4byte	0x53
 315 0099 02       		.uleb128 0x2
 316 009a 04       		.byte	0x4
 317 009b 04       		.byte	0x4
 318 009c 4E000000 		.4byte	.LASF13
 319 00a0 02       		.uleb128 0x2
 320 00a1 08       		.byte	0x8
 321 00a2 04       		.byte	0x4
 322 00a3 27000000 		.4byte	.LASF14
 323 00a7 02       		.uleb128 0x2
ARM GAS  C:\Users\karth\AppData\Local\Temp\ccIUY7Fc.s 			page 10


 324 00a8 01       		.byte	0x1
 325 00a9 08       		.byte	0x8
 326 00aa 4E020000 		.4byte	.LASF15
 327 00ae 05       		.uleb128 0x5
 328 00af F0000000 		.4byte	.LASF16
 329 00b3 04       		.byte	0x4
 330 00b4 3C02     		.2byte	0x23c
 331 00b6 BA000000 		.4byte	0xba
 332 00ba 06       		.uleb128 0x6
 333 00bb 81000000 		.4byte	0x81
 334 00bf 06       		.uleb128 0x6
 335 00c0 8D000000 		.4byte	0x8d
 336 00c4 02       		.uleb128 0x2
 337 00c5 08       		.byte	0x8
 338 00c6 04       		.byte	0x4
 339 00c7 12020000 		.4byte	.LASF17
 340 00cb 02       		.uleb128 0x2
 341 00cc 04       		.byte	0x4
 342 00cd 07       		.byte	0x7
 343 00ce 1E020000 		.4byte	.LASF18
 344 00d2 07       		.uleb128 0x7
 345 00d3 BF010000 		.4byte	.LASF36
 346 00d7 01       		.byte	0x1
 347 00d8 5E       		.byte	0x5e
 348 00d9 8D000000 		.4byte	0x8d
 349 00dd 03       		.byte	0x3
 350 00de EE000000 		.4byte	0xee
 351 00e2 08       		.uleb128 0x8
 352 00e3 0B020000 		.4byte	.LASF19
 353 00e7 01       		.byte	0x1
 354 00e8 60       		.byte	0x60
 355 00e9 8D000000 		.4byte	0x8d
 356 00ed 00       		.byte	0
 357 00ee 09       		.uleb128 0x9
 358 00ef AA010000 		.4byte	.LASF37
 359 00f3 01       		.byte	0x1
 360 00f4 7F       		.byte	0x7f
 361 00f5 03       		.byte	0x3
 362 00f6 48010000 		.4byte	0x148
 363 00fa 08       		.uleb128 0x8
 364 00fb 00000000 		.4byte	.LASF20
 365 00ff 01       		.byte	0x1
 366 0100 81       		.byte	0x81
 367 0101 8D000000 		.4byte	0x8d
 368 0105 08       		.uleb128 0x8
 369 0106 1C000000 		.4byte	.LASF21
 370 010a 01       		.byte	0x1
 371 010b 82       		.byte	0x82
 372 010c 8D000000 		.4byte	0x8d
 373 0110 08       		.uleb128 0x8
 374 0111 47000000 		.4byte	.LASF22
 375 0115 01       		.byte	0x1
 376 0116 83       		.byte	0x83
 377 0117 8D000000 		.4byte	0x8d
 378 011b 08       		.uleb128 0x8
 379 011c 22000000 		.4byte	.LASF23
 380 0120 01       		.byte	0x1
ARM GAS  C:\Users\karth\AppData\Local\Temp\ccIUY7Fc.s 			page 11


 381 0121 84       		.byte	0x84
 382 0122 8D000000 		.4byte	0x8d
 383 0126 08       		.uleb128 0x8
 384 0127 07000000 		.4byte	.LASF24
 385 012b 01       		.byte	0x1
 386 012c 84       		.byte	0x84
 387 012d 8D000000 		.4byte	0x8d
 388 0131 08       		.uleb128 0x8
 389 0132 0C000000 		.4byte	.LASF25
 390 0136 01       		.byte	0x1
 391 0137 85       		.byte	0x85
 392 0138 8D000000 		.4byte	0x8d
 393 013c 08       		.uleb128 0x8
 394 013d 7A020000 		.4byte	.LASF26
 395 0141 01       		.byte	0x1
 396 0142 97       		.byte	0x97
 397 0143 8D000000 		.4byte	0x8d
 398 0147 00       		.byte	0
 399 0148 0A       		.uleb128 0xa
 400 0149 F5000000 		.4byte	.LASF38
 401 014d 01       		.byte	0x1
 402 014e 2F       		.byte	0x2f
 403 014f 00000000 		.4byte	.LFB63
 404 0153 48000000 		.4byte	.LFE63-.LFB63
 405 0157 01       		.uleb128 0x1
 406 0158 9C       		.byte	0x9c
 407 0159 DC010000 		.4byte	0x1dc
 408 015d 0B       		.uleb128 0xb
 409 015e EE000000 		.4byte	0xee
 410 0162 02000000 		.4byte	.LBB8
 411 0166 34000000 		.4byte	.LBE8-.LBB8
 412 016a 01       		.byte	0x1
 413 016b 32       		.byte	0x32
 414 016c 0C       		.uleb128 0xc
 415 016d 02000000 		.4byte	.LBB9
 416 0171 34000000 		.4byte	.LBE9-.LBB9
 417 0175 0D       		.uleb128 0xd
 418 0176 FA000000 		.4byte	0xfa
 419 017a 00000000 		.4byte	.LLST0
 420 017e 0D       		.uleb128 0xd
 421 017f 05010000 		.4byte	0x105
 422 0183 13000000 		.4byte	.LLST1
 423 0187 0D       		.uleb128 0xd
 424 0188 10010000 		.4byte	0x110
 425 018c 26000000 		.4byte	.LLST2
 426 0190 0D       		.uleb128 0xd
 427 0191 3C010000 		.4byte	0x13c
 428 0195 39000000 		.4byte	.LLST3
 429 0199 0E       		.uleb128 0xe
 430 019a 1B010000 		.4byte	0x11b
 431 019e 05       		.uleb128 0x5
 432 019f 03       		.byte	0x3
 433 01a0 04000000 		.4byte	cnt0.5924
 434 01a4 0E       		.uleb128 0xe
 435 01a5 26010000 		.4byte	0x126
 436 01a9 05       		.uleb128 0x5
 437 01aa 03       		.byte	0x3
ARM GAS  C:\Users\karth\AppData\Local\Temp\ccIUY7Fc.s 			page 12


 438 01ab 08000000 		.4byte	cnt1.5925
 439 01af 0E       		.uleb128 0xe
 440 01b0 31010000 		.4byte	0x131
 441 01b4 05       		.uleb128 0x5
 442 01b5 03       		.byte	0x3
 443 01b6 00000000 		.4byte	state.5926
 444 01ba 0B       		.uleb128 0xb
 445 01bb D2000000 		.4byte	0xd2
 446 01bf 02000000 		.4byte	.LBB10
 447 01c3 06000000 		.4byte	.LBE10-.LBB10
 448 01c7 01       		.byte	0x1
 449 01c8 88       		.byte	0x88
 450 01c9 0C       		.uleb128 0xc
 451 01ca 02000000 		.4byte	.LBB11
 452 01ce 06000000 		.4byte	.LBE11-.LBB11
 453 01d2 0F       		.uleb128 0xf
 454 01d3 E2000000 		.4byte	0xe2
 455 01d7 00       		.byte	0
 456 01d8 00       		.byte	0
 457 01d9 00       		.byte	0
 458 01da 00       		.byte	0
 459 01db 00       		.byte	0
 460 01dc 10       		.uleb128 0x10
 461 01dd EE000000 		.4byte	0xee
 462 01e1 00000000 		.4byte	.LFB65
 463 01e5 48000000 		.4byte	.LFE65-.LFB65
 464 01e9 01       		.uleb128 0x1
 465 01ea 9C       		.byte	0x9c
 466 01eb 54020000 		.4byte	0x254
 467 01ef 0D       		.uleb128 0xd
 468 01f0 FA000000 		.4byte	0xfa
 469 01f4 4C000000 		.4byte	.LLST4
 470 01f8 0D       		.uleb128 0xd
 471 01f9 05010000 		.4byte	0x105
 472 01fd 5F000000 		.4byte	.LLST5
 473 0201 0D       		.uleb128 0xd
 474 0202 10010000 		.4byte	0x110
 475 0206 72000000 		.4byte	.LLST6
 476 020a 0E       		.uleb128 0xe
 477 020b 1B010000 		.4byte	0x11b
 478 020f 05       		.uleb128 0x5
 479 0210 03       		.byte	0x3
 480 0211 04000000 		.4byte	cnt0.5924
 481 0215 0E       		.uleb128 0xe
 482 0216 26010000 		.4byte	0x126
 483 021a 05       		.uleb128 0x5
 484 021b 03       		.byte	0x3
 485 021c 08000000 		.4byte	cnt1.5925
 486 0220 0E       		.uleb128 0xe
 487 0221 31010000 		.4byte	0x131
 488 0225 05       		.uleb128 0x5
 489 0226 03       		.byte	0x3
 490 0227 00000000 		.4byte	state.5926
 491 022b 0D       		.uleb128 0xd
 492 022c 3C010000 		.4byte	0x13c
 493 0230 85000000 		.4byte	.LLST7
 494 0234 0B       		.uleb128 0xb
ARM GAS  C:\Users\karth\AppData\Local\Temp\ccIUY7Fc.s 			page 13


 495 0235 D2000000 		.4byte	0xd2
 496 0239 02000000 		.4byte	.LBB12
 497 023d 06000000 		.4byte	.LBE12-.LBB12
 498 0241 01       		.byte	0x1
 499 0242 88       		.byte	0x88
 500 0243 0C       		.uleb128 0xc
 501 0244 02000000 		.4byte	.LBB13
 502 0248 06000000 		.4byte	.LBE13-.LBB13
 503 024c 0F       		.uleb128 0xf
 504 024d E2000000 		.4byte	0xe2
 505 0251 00       		.byte	0
 506 0252 00       		.byte	0
 507 0253 00       		.byte	0
 508 0254 11       		.uleb128 0x11
 509 0255 E5010000 		.4byte	.LASF27
 510 0259 01       		.byte	0x1
 511 025a A6       		.byte	0xa6
 512 025b 00000000 		.4byte	.LFB66
 513 025f 10000000 		.4byte	.LFE66-.LFB66
 514 0263 01       		.uleb128 0x1
 515 0264 9C       		.byte	0x9c
 516 0265 7D020000 		.4byte	0x27d
 517 0269 12       		.uleb128 0x12
 518 026a 08000000 		.4byte	.LVL10
 519 026e BE020000 		.4byte	0x2be
 520 0272 13       		.uleb128 0x13
 521 0273 01       		.uleb128 0x1
 522 0274 50       		.byte	0x50
 523 0275 05       		.uleb128 0x5
 524 0276 03       		.byte	0x3
 525 0277 00000000 		.4byte	Button_1_myPollInt
 526 027b 00       		.byte	0
 527 027c 00       		.byte	0
 528 027d 11       		.uleb128 0x11
 529 027e 63020000 		.4byte	.LASF28
 530 0282 01       		.byte	0x1
 531 0283 B1       		.byte	0xb1
 532 0284 00000000 		.4byte	.LFB67
 533 0288 08000000 		.4byte	.LFE67-.LFB67
 534 028c 01       		.uleb128 0x1
 535 028d 9C       		.byte	0x9c
 536 028e 9C020000 		.4byte	0x29c
 537 0292 14       		.uleb128 0x14
 538 0293 06000000 		.4byte	.LVL11
 539 0297 C9020000 		.4byte	0x2c9
 540 029b 00       		.byte	0
 541 029c 15       		.uleb128 0x15
 542 029d 8B010000 		.4byte	.LASF29
 543 02a1 05       		.byte	0x5
 544 02a2 9606     		.2byte	0x696
 545 02a4 A8020000 		.4byte	0x2a8
 546 02a8 06       		.uleb128 0x6
 547 02a9 76000000 		.4byte	0x76
 548 02ad 16       		.uleb128 0x16
 549 02ae 2E000000 		.4byte	.LASF30
 550 02b2 06       		.byte	0x6
 551 02b3 59       		.byte	0x59
ARM GAS  C:\Users\karth\AppData\Local\Temp\ccIUY7Fc.s 			page 14


 552 02b4 BF000000 		.4byte	0xbf
 553 02b8 05       		.uleb128 0x5
 554 02b9 03       		.byte	0x3
 555 02ba 00000000 		.4byte	Button_1_Pressed
 556 02be 17       		.uleb128 0x17
 557 02bf 27020000 		.4byte	.LASF31
 558 02c3 27020000 		.4byte	.LASF31
 559 02c7 07       		.byte	0x7
 560 02c8 18       		.byte	0x18
 561 02c9 17       		.uleb128 0x17
 562 02ca 08010000 		.4byte	.LASF32
 563 02ce 08010000 		.4byte	.LASF32
 564 02d2 07       		.byte	0x7
 565 02d3 19       		.byte	0x19
 566 02d4 00       		.byte	0
 567              		.section	.debug_abbrev,"",%progbits
 568              	.Ldebug_abbrev0:
 569 0000 01       		.uleb128 0x1
 570 0001 11       		.uleb128 0x11
 571 0002 01       		.byte	0x1
 572 0003 25       		.uleb128 0x25
 573 0004 0E       		.uleb128 0xe
 574 0005 13       		.uleb128 0x13
 575 0006 0B       		.uleb128 0xb
 576 0007 03       		.uleb128 0x3
 577 0008 0E       		.uleb128 0xe
 578 0009 1B       		.uleb128 0x1b
 579 000a 0E       		.uleb128 0xe
 580 000b 55       		.uleb128 0x55
 581 000c 17       		.uleb128 0x17
 582 000d 11       		.uleb128 0x11
 583 000e 01       		.uleb128 0x1
 584 000f 10       		.uleb128 0x10
 585 0010 17       		.uleb128 0x17
 586 0011 00       		.byte	0
 587 0012 00       		.byte	0
 588 0013 02       		.uleb128 0x2
 589 0014 24       		.uleb128 0x24
 590 0015 00       		.byte	0
 591 0016 0B       		.uleb128 0xb
 592 0017 0B       		.uleb128 0xb
 593 0018 3E       		.uleb128 0x3e
 594 0019 0B       		.uleb128 0xb
 595 001a 03       		.uleb128 0x3
 596 001b 0E       		.uleb128 0xe
 597 001c 00       		.byte	0
 598 001d 00       		.byte	0
 599 001e 03       		.uleb128 0x3
 600 001f 16       		.uleb128 0x16
 601 0020 00       		.byte	0
 602 0021 03       		.uleb128 0x3
 603 0022 0E       		.uleb128 0xe
 604 0023 3A       		.uleb128 0x3a
 605 0024 0B       		.uleb128 0xb
 606 0025 3B       		.uleb128 0x3b
 607 0026 0B       		.uleb128 0xb
 608 0027 49       		.uleb128 0x49
ARM GAS  C:\Users\karth\AppData\Local\Temp\ccIUY7Fc.s 			page 15


 609 0028 13       		.uleb128 0x13
 610 0029 00       		.byte	0
 611 002a 00       		.byte	0
 612 002b 04       		.uleb128 0x4
 613 002c 24       		.uleb128 0x24
 614 002d 00       		.byte	0
 615 002e 0B       		.uleb128 0xb
 616 002f 0B       		.uleb128 0xb
 617 0030 3E       		.uleb128 0x3e
 618 0031 0B       		.uleb128 0xb
 619 0032 03       		.uleb128 0x3
 620 0033 08       		.uleb128 0x8
 621 0034 00       		.byte	0
 622 0035 00       		.byte	0
 623 0036 05       		.uleb128 0x5
 624 0037 16       		.uleb128 0x16
 625 0038 00       		.byte	0
 626 0039 03       		.uleb128 0x3
 627 003a 0E       		.uleb128 0xe
 628 003b 3A       		.uleb128 0x3a
 629 003c 0B       		.uleb128 0xb
 630 003d 3B       		.uleb128 0x3b
 631 003e 05       		.uleb128 0x5
 632 003f 49       		.uleb128 0x49
 633 0040 13       		.uleb128 0x13
 634 0041 00       		.byte	0
 635 0042 00       		.byte	0
 636 0043 06       		.uleb128 0x6
 637 0044 35       		.uleb128 0x35
 638 0045 00       		.byte	0
 639 0046 49       		.uleb128 0x49
 640 0047 13       		.uleb128 0x13
 641 0048 00       		.byte	0
 642 0049 00       		.byte	0
 643 004a 07       		.uleb128 0x7
 644 004b 2E       		.uleb128 0x2e
 645 004c 01       		.byte	0x1
 646 004d 3F       		.uleb128 0x3f
 647 004e 19       		.uleb128 0x19
 648 004f 03       		.uleb128 0x3
 649 0050 0E       		.uleb128 0xe
 650 0051 3A       		.uleb128 0x3a
 651 0052 0B       		.uleb128 0xb
 652 0053 3B       		.uleb128 0x3b
 653 0054 0B       		.uleb128 0xb
 654 0055 49       		.uleb128 0x49
 655 0056 13       		.uleb128 0x13
 656 0057 20       		.uleb128 0x20
 657 0058 0B       		.uleb128 0xb
 658 0059 01       		.uleb128 0x1
 659 005a 13       		.uleb128 0x13
 660 005b 00       		.byte	0
 661 005c 00       		.byte	0
 662 005d 08       		.uleb128 0x8
 663 005e 34       		.uleb128 0x34
 664 005f 00       		.byte	0
 665 0060 03       		.uleb128 0x3
ARM GAS  C:\Users\karth\AppData\Local\Temp\ccIUY7Fc.s 			page 16


 666 0061 0E       		.uleb128 0xe
 667 0062 3A       		.uleb128 0x3a
 668 0063 0B       		.uleb128 0xb
 669 0064 3B       		.uleb128 0x3b
 670 0065 0B       		.uleb128 0xb
 671 0066 49       		.uleb128 0x49
 672 0067 13       		.uleb128 0x13
 673 0068 00       		.byte	0
 674 0069 00       		.byte	0
 675 006a 09       		.uleb128 0x9
 676 006b 2E       		.uleb128 0x2e
 677 006c 01       		.byte	0x1
 678 006d 3F       		.uleb128 0x3f
 679 006e 19       		.uleb128 0x19
 680 006f 03       		.uleb128 0x3
 681 0070 0E       		.uleb128 0xe
 682 0071 3A       		.uleb128 0x3a
 683 0072 0B       		.uleb128 0xb
 684 0073 3B       		.uleb128 0x3b
 685 0074 0B       		.uleb128 0xb
 686 0075 20       		.uleb128 0x20
 687 0076 0B       		.uleb128 0xb
 688 0077 01       		.uleb128 0x1
 689 0078 13       		.uleb128 0x13
 690 0079 00       		.byte	0
 691 007a 00       		.byte	0
 692 007b 0A       		.uleb128 0xa
 693 007c 2E       		.uleb128 0x2e
 694 007d 01       		.byte	0x1
 695 007e 3F       		.uleb128 0x3f
 696 007f 19       		.uleb128 0x19
 697 0080 03       		.uleb128 0x3
 698 0081 0E       		.uleb128 0xe
 699 0082 3A       		.uleb128 0x3a
 700 0083 0B       		.uleb128 0xb
 701 0084 3B       		.uleb128 0x3b
 702 0085 0B       		.uleb128 0xb
 703 0086 27       		.uleb128 0x27
 704 0087 19       		.uleb128 0x19
 705 0088 11       		.uleb128 0x11
 706 0089 01       		.uleb128 0x1
 707 008a 12       		.uleb128 0x12
 708 008b 06       		.uleb128 0x6
 709 008c 40       		.uleb128 0x40
 710 008d 18       		.uleb128 0x18
 711 008e 9742     		.uleb128 0x2117
 712 0090 19       		.uleb128 0x19
 713 0091 01       		.uleb128 0x1
 714 0092 13       		.uleb128 0x13
 715 0093 00       		.byte	0
 716 0094 00       		.byte	0
 717 0095 0B       		.uleb128 0xb
 718 0096 1D       		.uleb128 0x1d
 719 0097 01       		.byte	0x1
 720 0098 31       		.uleb128 0x31
 721 0099 13       		.uleb128 0x13
 722 009a 11       		.uleb128 0x11
ARM GAS  C:\Users\karth\AppData\Local\Temp\ccIUY7Fc.s 			page 17


 723 009b 01       		.uleb128 0x1
 724 009c 12       		.uleb128 0x12
 725 009d 06       		.uleb128 0x6
 726 009e 58       		.uleb128 0x58
 727 009f 0B       		.uleb128 0xb
 728 00a0 59       		.uleb128 0x59
 729 00a1 0B       		.uleb128 0xb
 730 00a2 00       		.byte	0
 731 00a3 00       		.byte	0
 732 00a4 0C       		.uleb128 0xc
 733 00a5 0B       		.uleb128 0xb
 734 00a6 01       		.byte	0x1
 735 00a7 11       		.uleb128 0x11
 736 00a8 01       		.uleb128 0x1
 737 00a9 12       		.uleb128 0x12
 738 00aa 06       		.uleb128 0x6
 739 00ab 00       		.byte	0
 740 00ac 00       		.byte	0
 741 00ad 0D       		.uleb128 0xd
 742 00ae 34       		.uleb128 0x34
 743 00af 00       		.byte	0
 744 00b0 31       		.uleb128 0x31
 745 00b1 13       		.uleb128 0x13
 746 00b2 02       		.uleb128 0x2
 747 00b3 17       		.uleb128 0x17
 748 00b4 00       		.byte	0
 749 00b5 00       		.byte	0
 750 00b6 0E       		.uleb128 0xe
 751 00b7 34       		.uleb128 0x34
 752 00b8 00       		.byte	0
 753 00b9 31       		.uleb128 0x31
 754 00ba 13       		.uleb128 0x13
 755 00bb 02       		.uleb128 0x2
 756 00bc 18       		.uleb128 0x18
 757 00bd 00       		.byte	0
 758 00be 00       		.byte	0
 759 00bf 0F       		.uleb128 0xf
 760 00c0 34       		.uleb128 0x34
 761 00c1 00       		.byte	0
 762 00c2 31       		.uleb128 0x31
 763 00c3 13       		.uleb128 0x13
 764 00c4 00       		.byte	0
 765 00c5 00       		.byte	0
 766 00c6 10       		.uleb128 0x10
 767 00c7 2E       		.uleb128 0x2e
 768 00c8 01       		.byte	0x1
 769 00c9 31       		.uleb128 0x31
 770 00ca 13       		.uleb128 0x13
 771 00cb 11       		.uleb128 0x11
 772 00cc 01       		.uleb128 0x1
 773 00cd 12       		.uleb128 0x12
 774 00ce 06       		.uleb128 0x6
 775 00cf 40       		.uleb128 0x40
 776 00d0 18       		.uleb128 0x18
 777 00d1 9742     		.uleb128 0x2117
 778 00d3 19       		.uleb128 0x19
 779 00d4 01       		.uleb128 0x1
ARM GAS  C:\Users\karth\AppData\Local\Temp\ccIUY7Fc.s 			page 18


 780 00d5 13       		.uleb128 0x13
 781 00d6 00       		.byte	0
 782 00d7 00       		.byte	0
 783 00d8 11       		.uleb128 0x11
 784 00d9 2E       		.uleb128 0x2e
 785 00da 01       		.byte	0x1
 786 00db 3F       		.uleb128 0x3f
 787 00dc 19       		.uleb128 0x19
 788 00dd 03       		.uleb128 0x3
 789 00de 0E       		.uleb128 0xe
 790 00df 3A       		.uleb128 0x3a
 791 00e0 0B       		.uleb128 0xb
 792 00e1 3B       		.uleb128 0x3b
 793 00e2 0B       		.uleb128 0xb
 794 00e3 11       		.uleb128 0x11
 795 00e4 01       		.uleb128 0x1
 796 00e5 12       		.uleb128 0x12
 797 00e6 06       		.uleb128 0x6
 798 00e7 40       		.uleb128 0x40
 799 00e8 18       		.uleb128 0x18
 800 00e9 9742     		.uleb128 0x2117
 801 00eb 19       		.uleb128 0x19
 802 00ec 01       		.uleb128 0x1
 803 00ed 13       		.uleb128 0x13
 804 00ee 00       		.byte	0
 805 00ef 00       		.byte	0
 806 00f0 12       		.uleb128 0x12
 807 00f1 898201   		.uleb128 0x4109
 808 00f4 01       		.byte	0x1
 809 00f5 11       		.uleb128 0x11
 810 00f6 01       		.uleb128 0x1
 811 00f7 31       		.uleb128 0x31
 812 00f8 13       		.uleb128 0x13
 813 00f9 00       		.byte	0
 814 00fa 00       		.byte	0
 815 00fb 13       		.uleb128 0x13
 816 00fc 8A8201   		.uleb128 0x410a
 817 00ff 00       		.byte	0
 818 0100 02       		.uleb128 0x2
 819 0101 18       		.uleb128 0x18
 820 0102 9142     		.uleb128 0x2111
 821 0104 18       		.uleb128 0x18
 822 0105 00       		.byte	0
 823 0106 00       		.byte	0
 824 0107 14       		.uleb128 0x14
 825 0108 898201   		.uleb128 0x4109
 826 010b 00       		.byte	0
 827 010c 11       		.uleb128 0x11
 828 010d 01       		.uleb128 0x1
 829 010e 31       		.uleb128 0x31
 830 010f 13       		.uleb128 0x13
 831 0110 00       		.byte	0
 832 0111 00       		.byte	0
 833 0112 15       		.uleb128 0x15
 834 0113 34       		.uleb128 0x34
 835 0114 00       		.byte	0
 836 0115 03       		.uleb128 0x3
ARM GAS  C:\Users\karth\AppData\Local\Temp\ccIUY7Fc.s 			page 19


 837 0116 0E       		.uleb128 0xe
 838 0117 3A       		.uleb128 0x3a
 839 0118 0B       		.uleb128 0xb
 840 0119 3B       		.uleb128 0x3b
 841 011a 05       		.uleb128 0x5
 842 011b 49       		.uleb128 0x49
 843 011c 13       		.uleb128 0x13
 844 011d 3F       		.uleb128 0x3f
 845 011e 19       		.uleb128 0x19
 846 011f 3C       		.uleb128 0x3c
 847 0120 19       		.uleb128 0x19
 848 0121 00       		.byte	0
 849 0122 00       		.byte	0
 850 0123 16       		.uleb128 0x16
 851 0124 34       		.uleb128 0x34
 852 0125 00       		.byte	0
 853 0126 03       		.uleb128 0x3
 854 0127 0E       		.uleb128 0xe
 855 0128 3A       		.uleb128 0x3a
 856 0129 0B       		.uleb128 0xb
 857 012a 3B       		.uleb128 0x3b
 858 012b 0B       		.uleb128 0xb
 859 012c 49       		.uleb128 0x49
 860 012d 13       		.uleb128 0x13
 861 012e 3F       		.uleb128 0x3f
 862 012f 19       		.uleb128 0x19
 863 0130 02       		.uleb128 0x2
 864 0131 18       		.uleb128 0x18
 865 0132 00       		.byte	0
 866 0133 00       		.byte	0
 867 0134 17       		.uleb128 0x17
 868 0135 2E       		.uleb128 0x2e
 869 0136 00       		.byte	0
 870 0137 3F       		.uleb128 0x3f
 871 0138 19       		.uleb128 0x19
 872 0139 3C       		.uleb128 0x3c
 873 013a 19       		.uleb128 0x19
 874 013b 6E       		.uleb128 0x6e
 875 013c 0E       		.uleb128 0xe
 876 013d 03       		.uleb128 0x3
 877 013e 0E       		.uleb128 0xe
 878 013f 3A       		.uleb128 0x3a
 879 0140 0B       		.uleb128 0xb
 880 0141 3B       		.uleb128 0x3b
 881 0142 0B       		.uleb128 0xb
 882 0143 00       		.byte	0
 883 0144 00       		.byte	0
 884 0145 00       		.byte	0
 885              		.section	.debug_loc,"",%progbits
 886              	.Ldebug_loc0:
 887              	.LLST0:
 888 0000 0C000000 		.4byte	.LVL0
 889 0004 12000000 		.4byte	.LVL1
 890 0008 0100     		.2byte	0x1
 891 000a 53       		.byte	0x53
 892 000b 00000000 		.4byte	0
 893 000f 00000000 		.4byte	0
ARM GAS  C:\Users\karth\AppData\Local\Temp\ccIUY7Fc.s 			page 20


 894              	.LLST1:
 895 0013 12000000 		.4byte	.LVL1
 896 0017 28000000 		.4byte	.LVL2
 897 001b 0100     		.2byte	0x1
 898 001d 53       		.byte	0x53
 899 001e 00000000 		.4byte	0
 900 0022 00000000 		.4byte	0
 901              	.LLST2:
 902 0026 28000000 		.4byte	.LVL2
 903 002a 2E000000 		.4byte	.LVL3
 904 002e 0100     		.2byte	0x1
 905 0030 53       		.byte	0x53
 906 0031 00000000 		.4byte	0
 907 0035 00000000 		.4byte	0
 908              	.LLST3:
 909 0039 2E000000 		.4byte	.LVL3
 910 003d 34000000 		.4byte	.LVL4
 911 0041 0100     		.2byte	0x1
 912 0043 53       		.byte	0x53
 913 0044 00000000 		.4byte	0
 914 0048 00000000 		.4byte	0
 915              	.LLST4:
 916 004c 0C000000 		.4byte	.LVL5
 917 0050 12000000 		.4byte	.LVL6
 918 0054 0100     		.2byte	0x1
 919 0056 53       		.byte	0x53
 920 0057 00000000 		.4byte	0
 921 005b 00000000 		.4byte	0
 922              	.LLST5:
 923 005f 12000000 		.4byte	.LVL6
 924 0063 28000000 		.4byte	.LVL7
 925 0067 0100     		.2byte	0x1
 926 0069 53       		.byte	0x53
 927 006a 00000000 		.4byte	0
 928 006e 00000000 		.4byte	0
 929              	.LLST6:
 930 0072 28000000 		.4byte	.LVL7
 931 0076 2E000000 		.4byte	.LVL8
 932 007a 0100     		.2byte	0x1
 933 007c 53       		.byte	0x53
 934 007d 00000000 		.4byte	0
 935 0081 00000000 		.4byte	0
 936              	.LLST7:
 937 0085 2E000000 		.4byte	.LVL8
 938 0089 34000000 		.4byte	.LVL9
 939 008d 0100     		.2byte	0x1
 940 008f 53       		.byte	0x53
 941 0090 00000000 		.4byte	0
 942 0094 00000000 		.4byte	0
 943              		.section	.debug_aranges,"",%progbits
 944 0000 34000000 		.4byte	0x34
 945 0004 0200     		.2byte	0x2
 946 0006 00000000 		.4byte	.Ldebug_info0
 947 000a 04       		.byte	0x4
 948 000b 00       		.byte	0
 949 000c 0000     		.2byte	0
 950 000e 0000     		.2byte	0
ARM GAS  C:\Users\karth\AppData\Local\Temp\ccIUY7Fc.s 			page 21


 951 0010 00000000 		.4byte	.LFB63
 952 0014 48000000 		.4byte	.LFE63-.LFB63
 953 0018 00000000 		.4byte	.LFB65
 954 001c 48000000 		.4byte	.LFE65-.LFB65
 955 0020 00000000 		.4byte	.LFB66
 956 0024 10000000 		.4byte	.LFE66-.LFB66
 957 0028 00000000 		.4byte	.LFB67
 958 002c 08000000 		.4byte	.LFE67-.LFB67
 959 0030 00000000 		.4byte	0
 960 0034 00000000 		.4byte	0
 961              		.section	.debug_ranges,"",%progbits
 962              	.Ldebug_ranges0:
 963 0000 00000000 		.4byte	.LFB63
 964 0004 48000000 		.4byte	.LFE63
 965 0008 00000000 		.4byte	.LFB65
 966 000c 48000000 		.4byte	.LFE65
 967 0010 00000000 		.4byte	.LFB66
 968 0014 10000000 		.4byte	.LFE66
 969 0018 00000000 		.4byte	.LFB67
 970 001c 08000000 		.4byte	.LFE67
 971 0020 00000000 		.4byte	0
 972 0024 00000000 		.4byte	0
 973              		.section	.debug_line,"",%progbits
 974              	.Ldebug_line0:
 975 0000 DA010000 		.section	.debug_str,"MS",%progbits,1
 975      02007401 
 975      00000201 
 975      FB0E0D00 
 975      01010101 
 976              	.LASF20:
 977 0000 73616D70 		.ascii	"sample\000"
 977      6C6500
 978              	.LASF24:
 979 0007 636E7431 		.ascii	"cnt1\000"
 979      00
 980              	.LASF25:
 981 000c 73746174 		.ascii	"state\000"
 981      6500
 982              	.LASF9:
 983 0012 5F5F696E 		.ascii	"__int32_t\000"
 983      7433325F 
 983      7400
 984              	.LASF21:
 985 001c 64656C74 		.ascii	"delta\000"
 985      6100
 986              	.LASF23:
 987 0022 636E7430 		.ascii	"cnt0\000"
 987      00
 988              	.LASF14:
 989 0027 646F7562 		.ascii	"double\000"
 989      6C6500
 990              	.LASF30:
 991 002e 42757474 		.ascii	"Button_1_Pressed\000"
 991      6F6E5F31 
 991      5F507265 
 991      73736564 
 991      00
ARM GAS  C:\Users\karth\AppData\Local\Temp\ccIUY7Fc.s 			page 22


 992              	.LASF10:
 993 003f 696E7433 		.ascii	"int32_t\000"
 993      325F7400 
 994              	.LASF22:
 995 0047 746F6767 		.ascii	"toggle\000"
 995      6C6500
 996              	.LASF13:
 997 004e 666C6F61 		.ascii	"float\000"
 997      7400
 998              	.LASF1:
 999 0054 756E7369 		.ascii	"unsigned char\000"
 999      676E6564 
 999      20636861 
 999      7200
 1000              	.LASF33:
 1001 0062 474E5520 		.ascii	"GNU C11 5.4.1 20160609 (release) [ARM/embedded-5-br"
 1001      43313120 
 1001      352E342E 
 1001      31203230 
 1001      31363036 
 1002 0095 616E6368 		.ascii	"anch revision 237715] -mcpu=cortex-m3 -mthumb -g -O"
 1002      20726576 
 1002      6973696F 
 1002      6E203233 
 1002      37373135 
 1003 00c8 67202D66 		.ascii	"g -ffunction-sections -ffat-lto-objects\000"
 1003      66756E63 
 1003      74696F6E 
 1003      2D736563 
 1003      74696F6E 
 1004              	.LASF16:
 1005 00f0 72656738 		.ascii	"reg8\000"
 1005      00
 1006              	.LASF38:
 1007 00f5 42757474 		.ascii	"Button_1_myPollInt\000"
 1007      6F6E5F31 
 1007      5F6D7950 
 1007      6F6C6C49 
 1007      6E7400
 1008              	.LASF32:
 1009 0108 42757474 		.ascii	"Button_1_isrPoll_Stop\000"
 1009      6F6E5F31 
 1009      5F697372 
 1009      506F6C6C 
 1009      5F53746F 
 1010              	.LASF35:
 1011 011e 433A5C55 		.ascii	"C:\\Users\\karth\\Downloads\\conductometry\\psoc-lo"
 1011      73657273 
 1011      5C6B6172 
 1011      74685C44 
 1011      6F776E6C 
 1012 014c 636B2D69 		.ascii	"ck-in-H2O-conductance\\Lock-in_H2O_02b.cydsn\000"
 1012      6E2D4832 
 1012      4F2D636F 
 1012      6E647563 
 1012      74616E63 
 1013              	.LASF3:
ARM GAS  C:\Users\karth\AppData\Local\Temp\ccIUY7Fc.s 			page 23


 1014 0178 73686F72 		.ascii	"short unsigned int\000"
 1014      7420756E 
 1014      7369676E 
 1014      65642069 
 1014      6E7400
 1015              	.LASF29:
 1016 018b 49544D5F 		.ascii	"ITM_RxBuffer\000"
 1016      52784275 
 1016      66666572 
 1016      00
 1017              	.LASF5:
 1018 0198 6C6F6E67 		.ascii	"long unsigned int\000"
 1018      20756E73 
 1018      69676E65 
 1018      6420696E 
 1018      7400
 1019              	.LASF37:
 1020 01aa 42757474 		.ascii	"Button_1_CheckStatus\000"
 1020      6F6E5F31 
 1020      5F436865 
 1020      636B5374 
 1020      61747573 
 1021              	.LASF36:
 1022 01bf 42757474 		.ascii	"Button_1_ReadPins\000"
 1022      6F6E5F31 
 1022      5F526561 
 1022      6450696E 
 1022      7300
 1023              	.LASF12:
 1024 01d1 75696E74 		.ascii	"uint32\000"
 1024      333200
 1025              	.LASF8:
 1026 01d8 756E7369 		.ascii	"unsigned int\000"
 1026      676E6564 
 1026      20696E74 
 1026      00
 1027              	.LASF27:
 1028 01e5 42757474 		.ascii	"Button_1_Start\000"
 1028      6F6E5F31 
 1028      5F537461 
 1028      727400
 1029              	.LASF7:
 1030 01f4 6C6F6E67 		.ascii	"long long unsigned int\000"
 1030      206C6F6E 
 1030      6720756E 
 1030      7369676E 
 1030      65642069 
 1031              	.LASF19:
 1032 020b 72657375 		.ascii	"result\000"
 1032      6C7400
 1033              	.LASF17:
 1034 0212 6C6F6E67 		.ascii	"long double\000"
 1034      20646F75 
 1034      626C6500 
 1035              	.LASF18:
 1036 021e 73697A65 		.ascii	"sizetype\000"
 1036      74797065 
ARM GAS  C:\Users\karth\AppData\Local\Temp\ccIUY7Fc.s 			page 24


 1036      00
 1037              	.LASF31:
 1038 0227 42757474 		.ascii	"Button_1_isrPoll_StartEx\000"
 1038      6F6E5F31 
 1038      5F697372 
 1038      506F6C6C 
 1038      5F537461 
 1039              	.LASF6:
 1040 0240 6C6F6E67 		.ascii	"long long int\000"
 1040      206C6F6E 
 1040      6720696E 
 1040      7400
 1041              	.LASF15:
 1042 024e 63686172 		.ascii	"char\000"
 1042      00
 1043              	.LASF2:
 1044 0253 73686F72 		.ascii	"short int\000"
 1044      7420696E 
 1044      7400
 1045              	.LASF11:
 1046 025d 75696E74 		.ascii	"uint8\000"
 1046      3800
 1047              	.LASF28:
 1048 0263 42757474 		.ascii	"Button_1_Stop\000"
 1048      6F6E5F31 
 1048      5F53746F 
 1048      7000
 1049              	.LASF4:
 1050 0271 6C6F6E67 		.ascii	"long int\000"
 1050      20696E74 
 1050      00
 1051              	.LASF26:
 1052 027a 6642746E 		.ascii	"fBtnPressed\000"
 1052      50726573 
 1052      73656400 
 1053              	.LASF0:
 1054 0286 7369676E 		.ascii	"signed char\000"
 1054      65642063 
 1054      68617200 
 1055              	.LASF34:
 1056 0292 47656E65 		.ascii	"Generated_Source\\PSoC5\\Button_1.c\000"
 1056      72617465 
 1056      645F536F 
 1056      75726365 
 1056      5C50536F 
 1057              		.ident	"GCC: (GNU Tools for ARM Embedded Processors) 5.4.1 20160609 (release) [ARM/embedded-5-bran
