ARM GAS  C:\Users\karth\AppData\Local\Temp\ccbkFbkm.s 			page 1


   1              		.syntax unified
   2              		.cpu cortex-m3
   3              		.fpu softvfp
   4              		.eabi_attribute 20, 1
   5              		.eabi_attribute 21, 1
   6              		.eabi_attribute 23, 3
   7              		.eabi_attribute 24, 1
   8              		.eabi_attribute 25, 1
   9              		.eabi_attribute 26, 1
  10              		.eabi_attribute 30, 1
  11              		.eabi_attribute 34, 1
  12              		.eabi_attribute 18, 4
  13              		.thumb
  14              		.syntax unified
  15              		.file	"Chart_1.c"
  16              		.text
  17              	.Ltext0:
  18              		.cfi_sections	.debug_frame
  19              		.section	.text.Chart_1_Plot,"ax",%progbits
  20              		.align	2
  21              		.global	Chart_1_Plot
  22              		.thumb
  23              		.thumb_func
  24              		.type	Chart_1_Plot, %function
  25              	Chart_1_Plot:
  26              	.LFB64:
  27              		.file 1 "Generated_Source\\PSoC5\\Chart_1.c"
   1:Generated_Source\PSoC5/Chart_1.c **** /* ============================================================================
   2:Generated_Source\PSoC5/Chart_1.c ****  *   SeroalPlot v0.0 custom component
   3:Generated_Source\PSoC5/Chart_1.c ****  *
   4:Generated_Source\PSoC5/Chart_1.c ****  * Description:
   5:Generated_Source\PSoC5/Chart_1.c ****  *   Implements interface for serial communication with SerialPlot charting software
   6:Generated_Source\PSoC5/Chart_1.c ****  *   Uses UART communication to send data types:
   7:Generated_Source\PSoC5/Chart_1.c ****          int8, int16, int32, uint8, uint16, uin32, float
   8:Generated_Source\PSoC5/Chart_1.c ****  *   in:
   9:Generated_Source\PSoC5/Chart_1.c ****  *      -single binary format 
  10:Generated_Source\PSoC5/Chart_1.c ****  *      -custom frame (+header, +checksum)
  11:Generated_Source\PSoC5/Chart_1.c ****  *      -ASCII
  12:Generated_Source\PSoC5/Chart_1.c ****  *
  13:Generated_Source\PSoC5/Chart_1.c ****  * Credits:
  14:Generated_Source\PSoC5/Chart_1.c ****  *   Serial PLOT v0.10.0
  15:Generated_Source\PSoC5/Chart_1.c ****  *   by Yavuz Ozderya
  16:Generated_Source\PSoC5/Chart_1.c ****  *   https://bitbucket.org/hyOzd/serialplot   
  17:Generated_Source\PSoC5/Chart_1.c ****  *
  18:Generated_Source\PSoC5/Chart_1.c ****  * ============================================================================
  19:Generated_Source\PSoC5/Chart_1.c ****  * PROVIDED AS-IS, NO WARRANTY OF ANY KIND, INCLUDING, BUT NOT LIMITED TO, THE
  20:Generated_Source\PSoC5/Chart_1.c ****  * IMPLIED WARRANTIES OF MERCHANTABILITY AND FITNESS FOR A PARTICULAR PURPOSE.
  21:Generated_Source\PSoC5/Chart_1.c ****  * FREE TO SHARE, USE AND MODIFY UNDER TERMS: CREATIVE COMMONS - SHARE ALIKE
  22:Generated_Source\PSoC5/Chart_1.c ****  * ============================================================================
  23:Generated_Source\PSoC5/Chart_1.c **** */
  24:Generated_Source\PSoC5/Chart_1.c **** 
  25:Generated_Source\PSoC5/Chart_1.c **** #include <Chart_1.h> // must specify API prefix in Symbol->Properties->Doc.APIPrefix
  26:Generated_Source\PSoC5/Chart_1.c **** #include <stdio.h>      // sformat (ASCII mode only)
  27:Generated_Source\PSoC5/Chart_1.c **** 
  28:Generated_Source\PSoC5/Chart_1.c **** 
  29:Generated_Source\PSoC5/Chart_1.c **** 
  30:Generated_Source\PSoC5/Chart_1.c **** //====================================
ARM GAS  C:\Users\karth\AppData\Local\Temp\ccbkFbkm.s 			page 2


  31:Generated_Source\PSoC5/Chart_1.c **** //        private definitions
  32:Generated_Source\PSoC5/Chart_1.c **** //====================================
  33:Generated_Source\PSoC5/Chart_1.c **** #define Chart_1_DataPacketSize   12  // size of sinle data packet (slice)  
  34:Generated_Source\PSoC5/Chart_1.c **** 
  35:Generated_Source\PSoC5/Chart_1.c **** #define _SimpleBinary  (0x00u)
  36:Generated_Source\PSoC5/Chart_1.c **** #define _ASCII         (0x01u)
  37:Generated_Source\PSoC5/Chart_1.c **** #define _CustomFrame   (0x02u)
  38:Generated_Source\PSoC5/Chart_1.c ****     
  39:Generated_Source\PSoC5/Chart_1.c **** 
  40:Generated_Source\PSoC5/Chart_1.c **** //====================================
  41:Generated_Source\PSoC5/Chart_1.c **** //        private variables
  42:Generated_Source\PSoC5/Chart_1.c **** //====================================
  43:Generated_Source\PSoC5/Chart_1.c **** 
  44:Generated_Source\PSoC5/Chart_1.c ****   
  45:Generated_Source\PSoC5/Chart_1.c **** //====================================
  46:Generated_Source\PSoC5/Chart_1.c **** //        private functions
  47:Generated_Source\PSoC5/Chart_1.c **** //====================================
  48:Generated_Source\PSoC5/Chart_1.c **** 
  49:Generated_Source\PSoC5/Chart_1.c **** 
  50:Generated_Source\PSoC5/Chart_1.c **** 
  51:Generated_Source\PSoC5/Chart_1.c **** 
  52:Generated_Source\PSoC5/Chart_1.c **** 
  53:Generated_Source\PSoC5/Chart_1.c **** #if ((Chart_1_DataFormat==_SimpleBinary) & (Chart_1_DataPacketSize==1) )
  54:Generated_Source\PSoC5/Chart_1.c **** //==============================================================================
  55:Generated_Source\PSoC5/Chart_1.c **** // Unique function to send data in Simple Binary format, int8 (uint8), N=1       
  56:Generated_Source\PSoC5/Chart_1.c **** // this is simplest and fastest format, which does not need
  57:Generated_Source\PSoC5/Chart_1.c **** // neither header nor checksum to transmit the data
  58:Generated_Source\PSoC5/Chart_1.c **** //==============================================================================
  59:Generated_Source\PSoC5/Chart_1.c **** void Chart_1_Plot(int32 V1, int32 V2, int32 V3)
  60:Generated_Source\PSoC5/Chart_1.c **** {
  61:Generated_Source\PSoC5/Chart_1.c ****     // Format:      Simple Binary
  62:Generated_Source\PSoC5/Chart_1.c ****     // Channels:    1
  63:Generated_Source\PSoC5/Chart_1.c ****     // Number Type: int32
  64:Generated_Source\PSoC5/Chart_1.c ****     // Endianness:  Little Endian
  65:Generated_Source\PSoC5/Chart_1.c **** 
  66:Generated_Source\PSoC5/Chart_1.c ****     UART_1_PutChar(V1);    // unique 8-bit case
  67:Generated_Source\PSoC5/Chart_1.c **** }
  68:Generated_Source\PSoC5/Chart_1.c **** #endif
  69:Generated_Source\PSoC5/Chart_1.c **** 
  70:Generated_Source\PSoC5/Chart_1.c **** 
  71:Generated_Source\PSoC5/Chart_1.c **** 
  72:Generated_Source\PSoC5/Chart_1.c **** 
  73:Generated_Source\PSoC5/Chart_1.c **** 
  74:Generated_Source\PSoC5/Chart_1.c **** #if ((Chart_1_DataFormat==_SimpleBinary) & (Chart_1_DataPacketSize!=1) )
  75:Generated_Source\PSoC5/Chart_1.c **** //==============================================================================
  76:Generated_Source\PSoC5/Chart_1.c **** // Universal parametrized function to send data in Single Binary Frame format
  77:Generated_Source\PSoC5/Chart_1.c **** // excluding unique combination of data packet size=1: int8 (uint8), N=1
  78:Generated_Source\PSoC5/Chart_1.c **** //    
  79:Generated_Source\PSoC5/Chart_1.c **** // This mode of operation does not guarantee coerrect data transmission
  80:Generated_Source\PSoC5/Chart_1.c **** // all received data may be corrupted due to a loss of a single byte    
  81:Generated_Source\PSoC5/Chart_1.c **** //    
  82:Generated_Source\PSoC5/Chart_1.c **** // works for NumChan = 1 to 8
  83:Generated_Source\PSoC5/Chart_1.c **** // Args - arguments list: "int8 V1, int8 V2,.." 
  84:Generated_Source\PSoC5/Chart_1.c **** // Vals - values list   : "V1, V2,.."
  85:Generated_Source\PSoC5/Chart_1.c **** //==============================================================================
  86:Generated_Source\PSoC5/Chart_1.c **** void Chart_1_Plot(int32 V1, int32 V2, int32 V3) 
  87:Generated_Source\PSoC5/Chart_1.c **** {   
ARM GAS  C:\Users\karth\AppData\Local\Temp\ccbkFbkm.s 			page 3


  88:Generated_Source\PSoC5/Chart_1.c ****     // Format:      Simple Binary
  89:Generated_Source\PSoC5/Chart_1.c ****     // Channels:    3
  90:Generated_Source\PSoC5/Chart_1.c ****     // Number Type: int32
  91:Generated_Source\PSoC5/Chart_1.c ****     // Endianness:  Little Endian
  92:Generated_Source\PSoC5/Chart_1.c **** 
  93:Generated_Source\PSoC5/Chart_1.c ****     int32 val[3] = {V1, V2, V3};  
  94:Generated_Source\PSoC5/Chart_1.c ****  
  95:Generated_Source\PSoC5/Chart_1.c ****     UART_1_PutArray((uint8 *) &val, sizeof(val)); // send data as array of char
  96:Generated_Source\PSoC5/Chart_1.c **** }
  97:Generated_Source\PSoC5/Chart_1.c **** #endif
  98:Generated_Source\PSoC5/Chart_1.c **** 
  99:Generated_Source\PSoC5/Chart_1.c **** 
 100:Generated_Source\PSoC5/Chart_1.c **** 
 101:Generated_Source\PSoC5/Chart_1.c **** 
 102:Generated_Source\PSoC5/Chart_1.c **** #if ((Chart_1_DataFormat==_CustomFrame) & (!Chart_1_Checksum))
 103:Generated_Source\PSoC5/Chart_1.c **** //==============================================================================
 104:Generated_Source\PSoC5/Chart_1.c **** // Universal parametrized function to send data in Custom Frame format
 105:Generated_Source\PSoC5/Chart_1.c **** // works for NumChan = 1 to 8
 106:Generated_Source\PSoC5/Chart_1.c **** // Args - arguments list: "int8 V1, int8 V2,.." 
 107:Generated_Source\PSoC5/Chart_1.c **** // Vals - values list   : "V1, V2,.."
 108:Generated_Source\PSoC5/Chart_1.c **** //==============================================================================
 109:Generated_Source\PSoC5/Chart_1.c **** void Chart_1_Plot(int32 V1, int32 V2, int32 V3) 
 110:Generated_Source\PSoC5/Chart_1.c **** {
  28              		.loc 1 110 0
  29              		.cfi_startproc
  30              		@ args = 0, pretend = 0, frame = 16
  31              		@ frame_needed = 0, uses_anonymous_args = 0
  32              	.LVL0:
  33 0000 00B5     		push	{lr}
  34              		.cfi_def_cfa_offset 4
  35              		.cfi_offset 14, -4
  36 0002 85B0     		sub	sp, sp, #20
  37              		.cfi_def_cfa_offset 24
 111:Generated_Source\PSoC5/Chart_1.c ****     // todo: use customizer to extract number of bytes in the header?
 112:Generated_Source\PSoC5/Chart_1.c ****     
 113:Generated_Source\PSoC5/Chart_1.c ****     // Format:      Custom Frame
 114:Generated_Source\PSoC5/Chart_1.c ****     // Frame Start: 0xAA, 0xBB
 115:Generated_Source\PSoC5/Chart_1.c ****     // Channels:    3
 116:Generated_Source\PSoC5/Chart_1.c ****     // Frame Size:  Fixed, Size=12
 117:Generated_Source\PSoC5/Chart_1.c ****     // Number Type: int32
 118:Generated_Source\PSoC5/Chart_1.c ****     // Endianness:  Little Endian
 119:Generated_Source\PSoC5/Chart_1.c ****     // Checksum:    false
 120:Generated_Source\PSoC5/Chart_1.c **** 
 121:Generated_Source\PSoC5/Chart_1.c ****     struct {
 122:Generated_Source\PSoC5/Chart_1.c ****         uint8    head[2];
 123:Generated_Source\PSoC5/Chart_1.c ****         int32  val[3];
 124:Generated_Source\PSoC5/Chart_1.c ****     } __attribute__ ((packed)) Frame  = { {0xAA, 0xBB}, {V1, V2, V3} };  
  38              		.loc 1 124 0
  39 0004 AA23     		movs	r3, #170
  40 0006 8DF80030 		strb	r3, [sp]
  41 000a BB23     		movs	r3, #187
  42 000c 8DF80130 		strb	r3, [sp, #1]
  43 0010 CDF80200 		str	r0, [sp, #2]	@ unaligned
  44 0014 CDF80610 		str	r1, [sp, #6]	@ unaligned
  45 0018 CDF80A20 		str	r2, [sp, #10]	@ unaligned
 125:Generated_Source\PSoC5/Chart_1.c **** 
 126:Generated_Source\PSoC5/Chart_1.c ****     
ARM GAS  C:\Users\karth\AppData\Local\Temp\ccbkFbkm.s 			page 4


 127:Generated_Source\PSoC5/Chart_1.c ****     UART_1_PutArray((uint8 *) &Frame, sizeof(Frame)); // send data Frame as array of char
  46              		.loc 1 127 0
  47 001c 0E21     		movs	r1, #14
  48              	.LVL1:
  49 001e 6846     		mov	r0, sp
  50              	.LVL2:
  51 0020 FFF7FEFF 		bl	UART_1_PutArray
  52              	.LVL3:
 128:Generated_Source\PSoC5/Chart_1.c **** }
  53              		.loc 1 128 0
  54 0024 05B0     		add	sp, sp, #20
  55              		.cfi_def_cfa_offset 4
  56              		@ sp needed
  57 0026 5DF804FB 		ldr	pc, [sp], #4
  58              		.cfi_endproc
  59              	.LFE64:
  60              		.size	Chart_1_Plot, .-Chart_1_Plot
  61              		.comm	Button_1_Pressed,4,4
  62 002a 00BF     		.text
  63              	.Letext0:
  64              		.file 2 "c:\\program files (x86)\\cypress\\psoc creator\\4.2\\psoc creator\\import\\gnu\\arm\\5.4.
  65              		.file 3 "c:\\program files (x86)\\cypress\\psoc creator\\4.2\\psoc creator\\import\\gnu\\arm\\5.4.
  66              		.file 4 "Generated_Source\\PSoC5/cytypes.h"
  67              		.file 5 "Generated_Source\\PSoC5/core_cm3.h"
  68              		.file 6 "Generated_Source\\PSoC5/Button_1.h"
  69              		.file 7 "Generated_Source\\PSoC5/UART_1.h"
  70              		.section	.debug_info,"",%progbits
  71              	.Ldebug_info0:
  72 0000 9B010000 		.4byte	0x19b
  73 0004 0400     		.2byte	0x4
  74 0006 00000000 		.4byte	.Ldebug_abbrev0
  75 000a 04       		.byte	0x4
  76 000b 01       		.uleb128 0x1
  77 000c 78000000 		.4byte	.LASF22
  78 0010 0C       		.byte	0xc
  79 0011 00000000 		.4byte	.LASF23
  80 0015 06010000 		.4byte	.LASF24
  81 0019 00000000 		.4byte	.Ldebug_ranges0+0
  82 001d 00000000 		.4byte	0
  83 0021 00000000 		.4byte	.Ldebug_line0
  84 0025 02       		.uleb128 0x2
  85 0026 01       		.byte	0x1
  86 0027 06       		.byte	0x6
  87 0028 13020000 		.4byte	.LASF0
  88 002c 02       		.uleb128 0x2
  89 002d 01       		.byte	0x1
  90 002e 08       		.byte	0x8
  91 002f 6A000000 		.4byte	.LASF1
  92 0033 02       		.uleb128 0x2
  93 0034 02       		.byte	0x2
  94 0035 05       		.byte	0x5
  95 0036 EE010000 		.4byte	.LASF2
  96 003a 02       		.uleb128 0x2
  97 003b 02       		.byte	0x2
  98 003c 07       		.byte	0x7
  99 003d 31000000 		.4byte	.LASF3
 100 0041 03       		.uleb128 0x3
ARM GAS  C:\Users\karth\AppData\Local\Temp\ccbkFbkm.s 			page 5


 101 0042 27000000 		.4byte	.LASF9
 102 0046 02       		.byte	0x2
 103 0047 3F       		.byte	0x3f
 104 0048 4C000000 		.4byte	0x4c
 105 004c 02       		.uleb128 0x2
 106 004d 04       		.byte	0x4
 107 004e 05       		.byte	0x5
 108 004f FE010000 		.4byte	.LASF4
 109 0053 02       		.uleb128 0x2
 110 0054 04       		.byte	0x4
 111 0055 07       		.byte	0x7
 112 0056 73010000 		.4byte	.LASF5
 113 005a 02       		.uleb128 0x2
 114 005b 08       		.byte	0x8
 115 005c 05       		.byte	0x5
 116 005d DB010000 		.4byte	.LASF6
 117 0061 02       		.uleb128 0x2
 118 0062 08       		.byte	0x8
 119 0063 07       		.byte	0x7
 120 0064 9E010000 		.4byte	.LASF7
 121 0068 04       		.uleb128 0x4
 122 0069 04       		.byte	0x4
 123 006a 05       		.byte	0x5
 124 006b 696E7400 		.ascii	"int\000"
 125 006f 02       		.uleb128 0x2
 126 0070 04       		.byte	0x4
 127 0071 07       		.byte	0x7
 128 0072 91010000 		.4byte	.LASF8
 129 0076 03       		.uleb128 0x3
 130 0077 5C000000 		.4byte	.LASF10
 131 007b 03       		.byte	0x3
 132 007c 2C       		.byte	0x2c
 133 007d 41000000 		.4byte	0x41
 134 0081 05       		.uleb128 0x5
 135 0082 F8010000 		.4byte	.LASF11
 136 0086 04       		.byte	0x4
 137 0087 9201     		.2byte	0x192
 138 0089 2C000000 		.4byte	0x2c
 139 008d 05       		.uleb128 0x5
 140 008e 8A010000 		.4byte	.LASF12
 141 0092 04       		.byte	0x4
 142 0093 9401     		.2byte	0x194
 143 0095 53000000 		.4byte	0x53
 144 0099 05       		.uleb128 0x5
 145 009a 60010000 		.4byte	.LASF13
 146 009e 04       		.byte	0x4
 147 009f 9701     		.2byte	0x197
 148 00a1 4C000000 		.4byte	0x4c
 149 00a5 02       		.uleb128 0x2
 150 00a6 04       		.byte	0x4
 151 00a7 04       		.byte	0x4
 152 00a8 64000000 		.4byte	.LASF14
 153 00ac 02       		.uleb128 0x2
 154 00ad 08       		.byte	0x8
 155 00ae 04       		.byte	0x4
 156 00af 44000000 		.4byte	.LASF15
 157 00b3 02       		.uleb128 0x2
ARM GAS  C:\Users\karth\AppData\Local\Temp\ccbkFbkm.s 			page 6


 158 00b4 01       		.byte	0x1
 159 00b5 08       		.byte	0x8
 160 00b6 E9010000 		.4byte	.LASF16
 161 00ba 06       		.uleb128 0x6
 162 00bb 8D000000 		.4byte	0x8d
 163 00bf 02       		.uleb128 0x2
 164 00c0 08       		.byte	0x8
 165 00c1 04       		.byte	0x4
 166 00c2 07020000 		.4byte	.LASF17
 167 00c6 02       		.uleb128 0x2
 168 00c7 04       		.byte	0x4
 169 00c8 07       		.byte	0x7
 170 00c9 D2010000 		.4byte	.LASF18
 171 00cd 07       		.uleb128 0x7
 172 00ce C5010000 		.4byte	.LASF25
 173 00d2 01       		.byte	0x1
 174 00d3 6D       		.byte	0x6d
 175 00d4 00000000 		.4byte	.LFB64
 176 00d8 2A000000 		.4byte	.LFE64-.LFB64
 177 00dc 01       		.uleb128 0x1
 178 00dd 9C       		.byte	0x9c
 179 00de 51010000 		.4byte	0x151
 180 00e2 08       		.uleb128 0x8
 181 00e3 563100   		.ascii	"V1\000"
 182 00e6 01       		.byte	0x1
 183 00e7 6D       		.byte	0x6d
 184 00e8 99000000 		.4byte	0x99
 185 00ec 00000000 		.4byte	.LLST0
 186 00f0 08       		.uleb128 0x8
 187 00f1 563200   		.ascii	"V2\000"
 188 00f4 01       		.byte	0x1
 189 00f5 6D       		.byte	0x6d
 190 00f6 99000000 		.4byte	0x99
 191 00fa 21000000 		.4byte	.LLST1
 192 00fe 08       		.uleb128 0x8
 193 00ff 563300   		.ascii	"V3\000"
 194 0102 01       		.byte	0x1
 195 0103 6D       		.byte	0x6d
 196 0104 99000000 		.4byte	0x99
 197 0108 42000000 		.4byte	.LLST2
 198 010c 09       		.uleb128 0x9
 199 010d 0E       		.byte	0xe
 200 010e 01       		.byte	0x1
 201 010f 79       		.byte	0x79
 202 0110 2D010000 		.4byte	0x12d
 203 0114 0A       		.uleb128 0xa
 204 0115 85010000 		.4byte	.LASF19
 205 0119 01       		.byte	0x1
 206 011a 7A       		.byte	0x7a
 207 011b 51010000 		.4byte	0x151
 208 011f 00       		.byte	0
 209 0120 0B       		.uleb128 0xb
 210 0121 76616C00 		.ascii	"val\000"
 211 0125 01       		.byte	0x1
 212 0126 7B       		.byte	0x7b
 213 0127 61010000 		.4byte	0x161
 214 012b 02       		.byte	0x2
ARM GAS  C:\Users\karth\AppData\Local\Temp\ccbkFbkm.s 			page 7


 215 012c 00       		.byte	0
 216 012d 0C       		.uleb128 0xc
 217 012e 21000000 		.4byte	.LASF26
 218 0132 01       		.byte	0x1
 219 0133 7C       		.byte	0x7c
 220 0134 0C010000 		.4byte	0x10c
 221 0138 02       		.uleb128 0x2
 222 0139 91       		.byte	0x91
 223 013a 68       		.sleb128 -24
 224 013b 0D       		.uleb128 0xd
 225 013c 24000000 		.4byte	.LVL3
 226 0140 93010000 		.4byte	0x193
 227 0144 0E       		.uleb128 0xe
 228 0145 01       		.uleb128 0x1
 229 0146 50       		.byte	0x50
 230 0147 02       		.uleb128 0x2
 231 0148 7D       		.byte	0x7d
 232 0149 00       		.sleb128 0
 233 014a 0E       		.uleb128 0xe
 234 014b 01       		.uleb128 0x1
 235 014c 51       		.byte	0x51
 236 014d 01       		.uleb128 0x1
 237 014e 3E       		.byte	0x3e
 238 014f 00       		.byte	0
 239 0150 00       		.byte	0
 240 0151 0F       		.uleb128 0xf
 241 0152 81000000 		.4byte	0x81
 242 0156 61010000 		.4byte	0x161
 243 015a 10       		.uleb128 0x10
 244 015b C6000000 		.4byte	0xc6
 245 015f 01       		.byte	0x1
 246 0160 00       		.byte	0
 247 0161 0F       		.uleb128 0xf
 248 0162 99000000 		.4byte	0x99
 249 0166 71010000 		.4byte	0x171
 250 016a 10       		.uleb128 0x10
 251 016b C6000000 		.4byte	0xc6
 252 016f 02       		.byte	0x2
 253 0170 00       		.byte	0
 254 0171 11       		.uleb128 0x11
 255 0172 66010000 		.4byte	.LASF20
 256 0176 05       		.byte	0x5
 257 0177 9606     		.2byte	0x696
 258 0179 7D010000 		.4byte	0x17d
 259 017d 06       		.uleb128 0x6
 260 017e 76000000 		.4byte	0x76
 261 0182 12       		.uleb128 0x12
 262 0183 4B000000 		.4byte	.LASF21
 263 0187 06       		.byte	0x6
 264 0188 59       		.byte	0x59
 265 0189 BA000000 		.4byte	0xba
 266 018d 05       		.uleb128 0x5
 267 018e 03       		.byte	0x3
 268 018f 00000000 		.4byte	Button_1_Pressed
 269 0193 13       		.uleb128 0x13
 270 0194 B5010000 		.4byte	.LASF27
 271 0198 B5010000 		.4byte	.LASF27
ARM GAS  C:\Users\karth\AppData\Local\Temp\ccbkFbkm.s 			page 8


 272 019c 07       		.byte	0x7
 273 019d 8C       		.byte	0x8c
 274 019e 00       		.byte	0
 275              		.section	.debug_abbrev,"",%progbits
 276              	.Ldebug_abbrev0:
 277 0000 01       		.uleb128 0x1
 278 0001 11       		.uleb128 0x11
 279 0002 01       		.byte	0x1
 280 0003 25       		.uleb128 0x25
 281 0004 0E       		.uleb128 0xe
 282 0005 13       		.uleb128 0x13
 283 0006 0B       		.uleb128 0xb
 284 0007 03       		.uleb128 0x3
 285 0008 0E       		.uleb128 0xe
 286 0009 1B       		.uleb128 0x1b
 287 000a 0E       		.uleb128 0xe
 288 000b 55       		.uleb128 0x55
 289 000c 17       		.uleb128 0x17
 290 000d 11       		.uleb128 0x11
 291 000e 01       		.uleb128 0x1
 292 000f 10       		.uleb128 0x10
 293 0010 17       		.uleb128 0x17
 294 0011 00       		.byte	0
 295 0012 00       		.byte	0
 296 0013 02       		.uleb128 0x2
 297 0014 24       		.uleb128 0x24
 298 0015 00       		.byte	0
 299 0016 0B       		.uleb128 0xb
 300 0017 0B       		.uleb128 0xb
 301 0018 3E       		.uleb128 0x3e
 302 0019 0B       		.uleb128 0xb
 303 001a 03       		.uleb128 0x3
 304 001b 0E       		.uleb128 0xe
 305 001c 00       		.byte	0
 306 001d 00       		.byte	0
 307 001e 03       		.uleb128 0x3
 308 001f 16       		.uleb128 0x16
 309 0020 00       		.byte	0
 310 0021 03       		.uleb128 0x3
 311 0022 0E       		.uleb128 0xe
 312 0023 3A       		.uleb128 0x3a
 313 0024 0B       		.uleb128 0xb
 314 0025 3B       		.uleb128 0x3b
 315 0026 0B       		.uleb128 0xb
 316 0027 49       		.uleb128 0x49
 317 0028 13       		.uleb128 0x13
 318 0029 00       		.byte	0
 319 002a 00       		.byte	0
 320 002b 04       		.uleb128 0x4
 321 002c 24       		.uleb128 0x24
 322 002d 00       		.byte	0
 323 002e 0B       		.uleb128 0xb
 324 002f 0B       		.uleb128 0xb
 325 0030 3E       		.uleb128 0x3e
 326 0031 0B       		.uleb128 0xb
 327 0032 03       		.uleb128 0x3
 328 0033 08       		.uleb128 0x8
ARM GAS  C:\Users\karth\AppData\Local\Temp\ccbkFbkm.s 			page 9


 329 0034 00       		.byte	0
 330 0035 00       		.byte	0
 331 0036 05       		.uleb128 0x5
 332 0037 16       		.uleb128 0x16
 333 0038 00       		.byte	0
 334 0039 03       		.uleb128 0x3
 335 003a 0E       		.uleb128 0xe
 336 003b 3A       		.uleb128 0x3a
 337 003c 0B       		.uleb128 0xb
 338 003d 3B       		.uleb128 0x3b
 339 003e 05       		.uleb128 0x5
 340 003f 49       		.uleb128 0x49
 341 0040 13       		.uleb128 0x13
 342 0041 00       		.byte	0
 343 0042 00       		.byte	0
 344 0043 06       		.uleb128 0x6
 345 0044 35       		.uleb128 0x35
 346 0045 00       		.byte	0
 347 0046 49       		.uleb128 0x49
 348 0047 13       		.uleb128 0x13
 349 0048 00       		.byte	0
 350 0049 00       		.byte	0
 351 004a 07       		.uleb128 0x7
 352 004b 2E       		.uleb128 0x2e
 353 004c 01       		.byte	0x1
 354 004d 3F       		.uleb128 0x3f
 355 004e 19       		.uleb128 0x19
 356 004f 03       		.uleb128 0x3
 357 0050 0E       		.uleb128 0xe
 358 0051 3A       		.uleb128 0x3a
 359 0052 0B       		.uleb128 0xb
 360 0053 3B       		.uleb128 0x3b
 361 0054 0B       		.uleb128 0xb
 362 0055 27       		.uleb128 0x27
 363 0056 19       		.uleb128 0x19
 364 0057 11       		.uleb128 0x11
 365 0058 01       		.uleb128 0x1
 366 0059 12       		.uleb128 0x12
 367 005a 06       		.uleb128 0x6
 368 005b 40       		.uleb128 0x40
 369 005c 18       		.uleb128 0x18
 370 005d 9742     		.uleb128 0x2117
 371 005f 19       		.uleb128 0x19
 372 0060 01       		.uleb128 0x1
 373 0061 13       		.uleb128 0x13
 374 0062 00       		.byte	0
 375 0063 00       		.byte	0
 376 0064 08       		.uleb128 0x8
 377 0065 05       		.uleb128 0x5
 378 0066 00       		.byte	0
 379 0067 03       		.uleb128 0x3
 380 0068 08       		.uleb128 0x8
 381 0069 3A       		.uleb128 0x3a
 382 006a 0B       		.uleb128 0xb
 383 006b 3B       		.uleb128 0x3b
 384 006c 0B       		.uleb128 0xb
 385 006d 49       		.uleb128 0x49
ARM GAS  C:\Users\karth\AppData\Local\Temp\ccbkFbkm.s 			page 10


 386 006e 13       		.uleb128 0x13
 387 006f 02       		.uleb128 0x2
 388 0070 17       		.uleb128 0x17
 389 0071 00       		.byte	0
 390 0072 00       		.byte	0
 391 0073 09       		.uleb128 0x9
 392 0074 13       		.uleb128 0x13
 393 0075 01       		.byte	0x1
 394 0076 0B       		.uleb128 0xb
 395 0077 0B       		.uleb128 0xb
 396 0078 3A       		.uleb128 0x3a
 397 0079 0B       		.uleb128 0xb
 398 007a 3B       		.uleb128 0x3b
 399 007b 0B       		.uleb128 0xb
 400 007c 01       		.uleb128 0x1
 401 007d 13       		.uleb128 0x13
 402 007e 00       		.byte	0
 403 007f 00       		.byte	0
 404 0080 0A       		.uleb128 0xa
 405 0081 0D       		.uleb128 0xd
 406 0082 00       		.byte	0
 407 0083 03       		.uleb128 0x3
 408 0084 0E       		.uleb128 0xe
 409 0085 3A       		.uleb128 0x3a
 410 0086 0B       		.uleb128 0xb
 411 0087 3B       		.uleb128 0x3b
 412 0088 0B       		.uleb128 0xb
 413 0089 49       		.uleb128 0x49
 414 008a 13       		.uleb128 0x13
 415 008b 38       		.uleb128 0x38
 416 008c 0B       		.uleb128 0xb
 417 008d 00       		.byte	0
 418 008e 00       		.byte	0
 419 008f 0B       		.uleb128 0xb
 420 0090 0D       		.uleb128 0xd
 421 0091 00       		.byte	0
 422 0092 03       		.uleb128 0x3
 423 0093 08       		.uleb128 0x8
 424 0094 3A       		.uleb128 0x3a
 425 0095 0B       		.uleb128 0xb
 426 0096 3B       		.uleb128 0x3b
 427 0097 0B       		.uleb128 0xb
 428 0098 49       		.uleb128 0x49
 429 0099 13       		.uleb128 0x13
 430 009a 38       		.uleb128 0x38
 431 009b 0B       		.uleb128 0xb
 432 009c 00       		.byte	0
 433 009d 00       		.byte	0
 434 009e 0C       		.uleb128 0xc
 435 009f 34       		.uleb128 0x34
 436 00a0 00       		.byte	0
 437 00a1 03       		.uleb128 0x3
 438 00a2 0E       		.uleb128 0xe
 439 00a3 3A       		.uleb128 0x3a
 440 00a4 0B       		.uleb128 0xb
 441 00a5 3B       		.uleb128 0x3b
 442 00a6 0B       		.uleb128 0xb
ARM GAS  C:\Users\karth\AppData\Local\Temp\ccbkFbkm.s 			page 11


 443 00a7 49       		.uleb128 0x49
 444 00a8 13       		.uleb128 0x13
 445 00a9 02       		.uleb128 0x2
 446 00aa 18       		.uleb128 0x18
 447 00ab 00       		.byte	0
 448 00ac 00       		.byte	0
 449 00ad 0D       		.uleb128 0xd
 450 00ae 898201   		.uleb128 0x4109
 451 00b1 01       		.byte	0x1
 452 00b2 11       		.uleb128 0x11
 453 00b3 01       		.uleb128 0x1
 454 00b4 31       		.uleb128 0x31
 455 00b5 13       		.uleb128 0x13
 456 00b6 00       		.byte	0
 457 00b7 00       		.byte	0
 458 00b8 0E       		.uleb128 0xe
 459 00b9 8A8201   		.uleb128 0x410a
 460 00bc 00       		.byte	0
 461 00bd 02       		.uleb128 0x2
 462 00be 18       		.uleb128 0x18
 463 00bf 9142     		.uleb128 0x2111
 464 00c1 18       		.uleb128 0x18
 465 00c2 00       		.byte	0
 466 00c3 00       		.byte	0
 467 00c4 0F       		.uleb128 0xf
 468 00c5 01       		.uleb128 0x1
 469 00c6 01       		.byte	0x1
 470 00c7 49       		.uleb128 0x49
 471 00c8 13       		.uleb128 0x13
 472 00c9 01       		.uleb128 0x1
 473 00ca 13       		.uleb128 0x13
 474 00cb 00       		.byte	0
 475 00cc 00       		.byte	0
 476 00cd 10       		.uleb128 0x10
 477 00ce 21       		.uleb128 0x21
 478 00cf 00       		.byte	0
 479 00d0 49       		.uleb128 0x49
 480 00d1 13       		.uleb128 0x13
 481 00d2 2F       		.uleb128 0x2f
 482 00d3 0B       		.uleb128 0xb
 483 00d4 00       		.byte	0
 484 00d5 00       		.byte	0
 485 00d6 11       		.uleb128 0x11
 486 00d7 34       		.uleb128 0x34
 487 00d8 00       		.byte	0
 488 00d9 03       		.uleb128 0x3
 489 00da 0E       		.uleb128 0xe
 490 00db 3A       		.uleb128 0x3a
 491 00dc 0B       		.uleb128 0xb
 492 00dd 3B       		.uleb128 0x3b
 493 00de 05       		.uleb128 0x5
 494 00df 49       		.uleb128 0x49
 495 00e0 13       		.uleb128 0x13
 496 00e1 3F       		.uleb128 0x3f
 497 00e2 19       		.uleb128 0x19
 498 00e3 3C       		.uleb128 0x3c
 499 00e4 19       		.uleb128 0x19
ARM GAS  C:\Users\karth\AppData\Local\Temp\ccbkFbkm.s 			page 12


 500 00e5 00       		.byte	0
 501 00e6 00       		.byte	0
 502 00e7 12       		.uleb128 0x12
 503 00e8 34       		.uleb128 0x34
 504 00e9 00       		.byte	0
 505 00ea 03       		.uleb128 0x3
 506 00eb 0E       		.uleb128 0xe
 507 00ec 3A       		.uleb128 0x3a
 508 00ed 0B       		.uleb128 0xb
 509 00ee 3B       		.uleb128 0x3b
 510 00ef 0B       		.uleb128 0xb
 511 00f0 49       		.uleb128 0x49
 512 00f1 13       		.uleb128 0x13
 513 00f2 3F       		.uleb128 0x3f
 514 00f3 19       		.uleb128 0x19
 515 00f4 02       		.uleb128 0x2
 516 00f5 18       		.uleb128 0x18
 517 00f6 00       		.byte	0
 518 00f7 00       		.byte	0
 519 00f8 13       		.uleb128 0x13
 520 00f9 2E       		.uleb128 0x2e
 521 00fa 00       		.byte	0
 522 00fb 3F       		.uleb128 0x3f
 523 00fc 19       		.uleb128 0x19
 524 00fd 3C       		.uleb128 0x3c
 525 00fe 19       		.uleb128 0x19
 526 00ff 6E       		.uleb128 0x6e
 527 0100 0E       		.uleb128 0xe
 528 0101 03       		.uleb128 0x3
 529 0102 0E       		.uleb128 0xe
 530 0103 3A       		.uleb128 0x3a
 531 0104 0B       		.uleb128 0xb
 532 0105 3B       		.uleb128 0x3b
 533 0106 0B       		.uleb128 0xb
 534 0107 00       		.byte	0
 535 0108 00       		.byte	0
 536 0109 00       		.byte	0
 537              		.section	.debug_loc,"",%progbits
 538              	.Ldebug_loc0:
 539              	.LLST0:
 540 0000 00000000 		.4byte	.LVL0
 541 0004 20000000 		.4byte	.LVL2
 542 0008 0100     		.2byte	0x1
 543 000a 50       		.byte	0x50
 544 000b 20000000 		.4byte	.LVL2
 545 000f 2A000000 		.4byte	.LFE64
 546 0013 0400     		.2byte	0x4
 547 0015 F3       		.byte	0xf3
 548 0016 01       		.uleb128 0x1
 549 0017 50       		.byte	0x50
 550 0018 9F       		.byte	0x9f
 551 0019 00000000 		.4byte	0
 552 001d 00000000 		.4byte	0
 553              	.LLST1:
 554 0021 00000000 		.4byte	.LVL0
 555 0025 1E000000 		.4byte	.LVL1
 556 0029 0100     		.2byte	0x1
ARM GAS  C:\Users\karth\AppData\Local\Temp\ccbkFbkm.s 			page 13


 557 002b 51       		.byte	0x51
 558 002c 1E000000 		.4byte	.LVL1
 559 0030 2A000000 		.4byte	.LFE64
 560 0034 0400     		.2byte	0x4
 561 0036 F3       		.byte	0xf3
 562 0037 01       		.uleb128 0x1
 563 0038 51       		.byte	0x51
 564 0039 9F       		.byte	0x9f
 565 003a 00000000 		.4byte	0
 566 003e 00000000 		.4byte	0
 567              	.LLST2:
 568 0042 00000000 		.4byte	.LVL0
 569 0046 23000000 		.4byte	.LVL3-1
 570 004a 0100     		.2byte	0x1
 571 004c 52       		.byte	0x52
 572 004d 23000000 		.4byte	.LVL3-1
 573 0051 2A000000 		.4byte	.LFE64
 574 0055 0400     		.2byte	0x4
 575 0057 F3       		.byte	0xf3
 576 0058 01       		.uleb128 0x1
 577 0059 52       		.byte	0x52
 578 005a 9F       		.byte	0x9f
 579 005b 00000000 		.4byte	0
 580 005f 00000000 		.4byte	0
 581              		.section	.debug_aranges,"",%progbits
 582 0000 1C000000 		.4byte	0x1c
 583 0004 0200     		.2byte	0x2
 584 0006 00000000 		.4byte	.Ldebug_info0
 585 000a 04       		.byte	0x4
 586 000b 00       		.byte	0
 587 000c 0000     		.2byte	0
 588 000e 0000     		.2byte	0
 589 0010 00000000 		.4byte	.LFB64
 590 0014 2A000000 		.4byte	.LFE64-.LFB64
 591 0018 00000000 		.4byte	0
 592 001c 00000000 		.4byte	0
 593              		.section	.debug_ranges,"",%progbits
 594              	.Ldebug_ranges0:
 595 0000 00000000 		.4byte	.LFB64
 596 0004 2A000000 		.4byte	.LFE64
 597 0008 00000000 		.4byte	0
 598 000c 00000000 		.4byte	0
 599              		.section	.debug_line,"",%progbits
 600              	.Ldebug_line0:
 601 0000 84010000 		.section	.debug_str,"MS",%progbits,1
 601      02006901 
 601      00000201 
 601      FB0E0D00 
 601      01010101 
 602              	.LASF23:
 603 0000 47656E65 		.ascii	"Generated_Source\\PSoC5\\Chart_1.c\000"
 603      72617465 
 603      645F536F 
 603      75726365 
 603      5C50536F 
 604              	.LASF26:
 605 0021 4672616D 		.ascii	"Frame\000"
ARM GAS  C:\Users\karth\AppData\Local\Temp\ccbkFbkm.s 			page 14


 605      6500
 606              	.LASF9:
 607 0027 5F5F696E 		.ascii	"__int32_t\000"
 607      7433325F 
 607      7400
 608              	.LASF3:
 609 0031 73686F72 		.ascii	"short unsigned int\000"
 609      7420756E 
 609      7369676E 
 609      65642069 
 609      6E7400
 610              	.LASF15:
 611 0044 646F7562 		.ascii	"double\000"
 611      6C6500
 612              	.LASF21:
 613 004b 42757474 		.ascii	"Button_1_Pressed\000"
 613      6F6E5F31 
 613      5F507265 
 613      73736564 
 613      00
 614              	.LASF10:
 615 005c 696E7433 		.ascii	"int32_t\000"
 615      325F7400 
 616              	.LASF14:
 617 0064 666C6F61 		.ascii	"float\000"
 617      7400
 618              	.LASF1:
 619 006a 756E7369 		.ascii	"unsigned char\000"
 619      676E6564 
 619      20636861 
 619      7200
 620              	.LASF22:
 621 0078 474E5520 		.ascii	"GNU C11 5.4.1 20160609 (release) [ARM/embedded-5-br"
 621      43313120 
 621      352E342E 
 621      31203230 
 621      31363036 
 622 00ab 616E6368 		.ascii	"anch revision 237715] -mcpu=cortex-m3 -mthumb -g -O"
 622      20726576 
 622      6973696F 
 622      6E203233 
 622      37373135 
 623 00de 67202D66 		.ascii	"g -ffunction-sections -ffat-lto-objects\000"
 623      66756E63 
 623      74696F6E 
 623      2D736563 
 623      74696F6E 
 624              	.LASF24:
 625 0106 433A5C55 		.ascii	"C:\\Users\\karth\\Downloads\\conductometry\\psoc-lo"
 625      73657273 
 625      5C6B6172 
 625      74685C44 
 625      6F776E6C 
 626 0134 636B2D69 		.ascii	"ck-in-H2O-conductance\\Lock-in_H2O_02b.cydsn\000"
 626      6E2D4832 
 626      4F2D636F 
 626      6E647563 
ARM GAS  C:\Users\karth\AppData\Local\Temp\ccbkFbkm.s 			page 15


 626      74616E63 
 627              	.LASF13:
 628 0160 696E7433 		.ascii	"int32\000"
 628      3200
 629              	.LASF20:
 630 0166 49544D5F 		.ascii	"ITM_RxBuffer\000"
 630      52784275 
 630      66666572 
 630      00
 631              	.LASF5:
 632 0173 6C6F6E67 		.ascii	"long unsigned int\000"
 632      20756E73 
 632      69676E65 
 632      6420696E 
 632      7400
 633              	.LASF19:
 634 0185 68656164 		.ascii	"head\000"
 634      00
 635              	.LASF12:
 636 018a 75696E74 		.ascii	"uint32\000"
 636      333200
 637              	.LASF8:
 638 0191 756E7369 		.ascii	"unsigned int\000"
 638      676E6564 
 638      20696E74 
 638      00
 639              	.LASF7:
 640 019e 6C6F6E67 		.ascii	"long long unsigned int\000"
 640      206C6F6E 
 640      6720756E 
 640      7369676E 
 640      65642069 
 641              	.LASF27:
 642 01b5 55415254 		.ascii	"UART_1_PutArray\000"
 642      5F315F50 
 642      75744172 
 642      72617900 
 643              	.LASF25:
 644 01c5 43686172 		.ascii	"Chart_1_Plot\000"
 644      745F315F 
 644      506C6F74 
 644      00
 645              	.LASF18:
 646 01d2 73697A65 		.ascii	"sizetype\000"
 646      74797065 
 646      00
 647              	.LASF6:
 648 01db 6C6F6E67 		.ascii	"long long int\000"
 648      206C6F6E 
 648      6720696E 
 648      7400
 649              	.LASF16:
 650 01e9 63686172 		.ascii	"char\000"
 650      00
 651              	.LASF2:
 652 01ee 73686F72 		.ascii	"short int\000"
 652      7420696E 
ARM GAS  C:\Users\karth\AppData\Local\Temp\ccbkFbkm.s 			page 16


 652      7400
 653              	.LASF11:
 654 01f8 75696E74 		.ascii	"uint8\000"
 654      3800
 655              	.LASF4:
 656 01fe 6C6F6E67 		.ascii	"long int\000"
 656      20696E74 
 656      00
 657              	.LASF17:
 658 0207 6C6F6E67 		.ascii	"long double\000"
 658      20646F75 
 658      626C6500 
 659              	.LASF0:
 660 0213 7369676E 		.ascii	"signed char\000"
 660      65642063 
 660      68617200 
 661              		.ident	"GCC: (GNU Tools for ARM Embedded Processors) 5.4.1 20160609 (release) [ARM/embedded-5-bran
