ARM GAS  C:\Users\karth\AppData\Local\Temp\cccGoO5e.s 			page 1


   1              		.syntax unified
   2              		.cpu cortex-m3
   3              		.fpu softvfp
   4              		.eabi_attribute 20, 1
   5              		.eabi_attribute 21, 1
   6              		.eabi_attribute 23, 3
   7              		.eabi_attribute 24, 1
   8              		.eabi_attribute 25, 1
   9              		.eabi_attribute 26, 1
  10              		.eabi_attribute 30, 1
  11              		.eabi_attribute 34, 1
  12              		.eabi_attribute 18, 4
  13              		.thumb
  14              		.syntax unified
  15              		.file	"cymetadata.c"
  16              		.text
  17              	.Ltext0:
  18              		.cfi_sections	.debug_frame
  19              		.global	cy_metadata
  20              		.global	cy_meta_flashprotect
  21              		.global	cy_meta_wonvl
  22              		.global	cy_meta_custnvl
  23              		.global	cy_meta_configecc
  24              		.section	.cyconfigecc,"a",%progbits
  25              		.align	2
  26              		.type	cy_meta_configecc, %object
  27              		.size	cy_meta_configecc, 608
  28              	cy_meta_configecc:
  29 0000 03       		.byte	3
  30 0001 52       		.byte	82
  31 0002 00       		.byte	0
  32 0003 40       		.byte	64
  33 0004 01       		.byte	1
  34 0005 65       		.byte	101
  35 0006 00       		.byte	0
  36 0007 40       		.byte	64
  37 0008 01       		.byte	1
  38 0009 03       		.byte	3
  39 000a 01       		.byte	1
  40 000b 40       		.byte	64
  41 000c 02       		.byte	2
  42 000d 05       		.byte	5
  43 000e 01       		.byte	1
  44 000f 40       		.byte	64
  45 0010 01       		.byte	1
  46 0011 07       		.byte	7
  47 0012 01       		.byte	1
  48 0013 40       		.byte	64
  49 0014 01       		.byte	1
  50 0015 0B       		.byte	11
  51 0016 01       		.byte	1
  52 0017 40       		.byte	64
  53 0018 01       		.byte	1
  54 0019 0D       		.byte	13
  55 001a 01       		.byte	1
  56 001b 40       		.byte	64
  57 001c 62       		.byte	98
ARM GAS  C:\Users\karth\AppData\Local\Temp\cccGoO5e.s 			page 2


  58 001d 14       		.byte	20
  59 001e 01       		.byte	1
  60 001f 40       		.byte	64
  61 0020 3C       		.byte	60
  62 0021 15       		.byte	21
  63 0022 01       		.byte	1
  64 0023 40       		.byte	64
  65 0024 01       		.byte	1
  66 0025 17       		.byte	23
  67 0026 01       		.byte	1
  68 0027 40       		.byte	64
  69 0028 02       		.byte	2
  70 0029 1B       		.byte	27
  71 002a 01       		.byte	1
  72 002b 40       		.byte	64
  73 002c 04       		.byte	4
  74 002d 40       		.byte	64
  75 002e 01       		.byte	1
  76 002f 40       		.byte	64
  77 0030 03       		.byte	3
  78 0031 41       		.byte	65
  79 0032 01       		.byte	1
  80 0033 40       		.byte	64
  81 0034 05       		.byte	5
  82 0035 42       		.byte	66
  83 0036 01       		.byte	1
  84 0037 40       		.byte	64
  85 0038 05       		.byte	5
  86 0039 43       		.byte	67
  87 003a 01       		.byte	1
  88 003b 40       		.byte	64
  89 003c 02       		.byte	2
  90 003d 44       		.byte	68
  91 003e 01       		.byte	1
  92 003f 40       		.byte	64
  93 0040 03       		.byte	3
  94 0041 45       		.byte	69
  95 0042 01       		.byte	1
  96 0043 40       		.byte	64
  97 0044 05       		.byte	5
  98 0045 46       		.byte	70
  99 0046 01       		.byte	1
 100 0047 40       		.byte	64
 101 0048 01       		.byte	1
 102 0049 47       		.byte	71
 103 004a 01       		.byte	1
 104 004b 40       		.byte	64
 105 004c 08       		.byte	8
 106 004d 48       		.byte	72
 107 004e 01       		.byte	1
 108 004f 40       		.byte	64
 109 0050 09       		.byte	9
 110 0051 49       		.byte	73
 111 0052 01       		.byte	1
 112 0053 40       		.byte	64
 113 0054 01       		.byte	1
 114 0055 4C       		.byte	76
ARM GAS  C:\Users\karth\AppData\Local\Temp\cccGoO5e.s 			page 3


 115 0056 01       		.byte	1
 116 0057 40       		.byte	64
 117 0058 07       		.byte	7
 118 0059 4D       		.byte	77
 119 005a 01       		.byte	1
 120 005b 40       		.byte	64
 121 005c 02       		.byte	2
 122 005d 50       		.byte	80
 123 005e 01       		.byte	1
 124 005f 40       		.byte	64
 125 0060 01       		.byte	1
 126 0061 51       		.byte	81
 127 0062 01       		.byte	1
 128 0063 40       		.byte	64
 129 0064 0C       		.byte	12
 130 0065 80       		.byte	-128
 131 0066 61       		.byte	97
 132 0067 80       		.byte	-128
 133 0068 78       		.byte	120
 134 0069 08       		.byte	8
 135 006a 85       		.byte	-123
 136 006b 0F       		.byte	15
 137 006c 8E       		.byte	-114
 138 006d 10       		.byte	16
 139 006e 96       		.byte	-106
 140 006f 10       		.byte	16
 141 0070 E0       		.byte	-32
 142 0071 02       		.byte	2
 143 0072 96       		.byte	-106
 144 0073 10       		.byte	16
 145 0074 E0       		.byte	-32
 146 0075 02       		.byte	2
 147 0076 E4       		.byte	-28
 148 0077 10       		.byte	16
 149 0078 00       		.byte	0
 150 0079 0C       		.byte	12
 151 007a 02       		.byte	2
 152 007b 71       		.byte	113
 153 007c 04       		.byte	4
 154 007d 09       		.byte	9
 155 007e 05       		.byte	5
 156 007f 80       		.byte	-128
 157 0080 06       		.byte	6
 158 0081 D0       		.byte	-48
 159 0082 07       		.byte	7
 160 0083 13       		.byte	19
 161 0084 14       		.byte	20
 162 0085 DC       		.byte	-36
 163 0086 15       		.byte	21
 164 0087 2C       		.byte	44
 165 0088 16       		.byte	22
 166 0089 22       		.byte	34
 167 008a 17       		.byte	23
 168 008b 43       		.byte	67
 169 008c 1A       		.byte	26
 170 008d 03       		.byte	3
 171 008e 1B       		.byte	27
ARM GAS  C:\Users\karth\AppData\Local\Temp\cccGoO5e.s 			page 4


 172 008f 0C       		.byte	12
 173 0090 1C       		.byte	28
 174 0091 10       		.byte	16
 175 0092 1E       		.byte	30
 176 0093 AC       		.byte	-84
 177 0094 1F       		.byte	31
 178 0095 08       		.byte	8
 179 0096 20       		.byte	32
 180 0097 10       		.byte	16
 181 0098 21       		.byte	33
 182 0099 71       		.byte	113
 183 009a 22       		.byte	34
 184 009b 40       		.byte	64
 185 009c 23       		.byte	35
 186 009d 0E       		.byte	14
 187 009e 24       		.byte	36
 188 009f 14       		.byte	20
 189 00a0 2A       		.byte	42
 190 00a1 20       		.byte	32
 191 00a2 2D       		.byte	45
 192 00a3 71       		.byte	113
 193 00a4 2F       		.byte	47
 194 00a5 06       		.byte	6
 195 00a6 30       		.byte	48
 196 00a7 E0       		.byte	-32
 197 00a8 33       		.byte	51
 198 00a9 0F       		.byte	15
 199 00aa 34       		.byte	52
 200 00ab 1F       		.byte	31
 201 00ac 35       		.byte	53
 202 00ad C0       		.byte	-64
 203 00ae 37       		.byte	55
 204 00af 30       		.byte	48
 205 00b0 38       		.byte	56
 206 00b1 08       		.byte	8
 207 00b2 39       		.byte	57
 208 00b3 A0       		.byte	-96
 209 00b4 3A       		.byte	58
 210 00b5 02       		.byte	2
 211 00b6 3B       		.byte	59
 212 00b7 08       		.byte	8
 213 00b8 3E       		.byte	62
 214 00b9 04       		.byte	4
 215 00ba 3F       		.byte	63
 216 00bb 40       		.byte	64
 217 00bc 40       		.byte	64
 218 00bd 01       		.byte	1
 219 00be 45       		.byte	69
 220 00bf 40       		.byte	64
 221 00c0 49       		.byte	73
 222 00c1 FF       		.byte	-1
 223 00c2 4A       		.byte	74
 224 00c3 07       		.byte	7
 225 00c4 4B       		.byte	75
 226 00c5 FF       		.byte	-1
 227 00c6 4C       		.byte	76
 228 00c7 40       		.byte	64
ARM GAS  C:\Users\karth\AppData\Local\Temp\cccGoO5e.s 			page 5


 229 00c8 4D       		.byte	77
 230 00c9 20       		.byte	32
 231 00ca 4E       		.byte	78
 232 00cb F0       		.byte	-16
 233 00cc 4F       		.byte	79
 234 00cd 05       		.byte	5
 235 00ce 50       		.byte	80
 236 00cf 08       		.byte	8
 237 00d0 58       		.byte	88
 238 00d1 04       		.byte	4
 239 00d2 59       		.byte	89
 240 00d3 04       		.byte	4
 241 00d4 5A       		.byte	90
 242 00d5 04       		.byte	4
 243 00d6 5C       		.byte	92
 244 00d7 11       		.byte	17
 245 00d8 5D       		.byte	93
 246 00d9 01       		.byte	1
 247 00da 5F       		.byte	95
 248 00db 01       		.byte	1
 249 00dc 60       		.byte	96
 250 00dd 40       		.byte	64
 251 00de 61       		.byte	97
 252 00df A8       		.byte	-88
 253 00e0 62       		.byte	98
 254 00e1 40       		.byte	64
 255 00e2 63       		.byte	99
 256 00e3 20       		.byte	32
 257 00e4 80       		.byte	-128
 258 00e5 13       		.byte	19
 259 00e6 82       		.byte	-126
 260 00e7 04       		.byte	4
 261 00e8 86       		.byte	-122
 262 00e9 15       		.byte	21
 263 00ea 88       		.byte	-120
 264 00eb 20       		.byte	32
 265 00ec 8C       		.byte	-116
 266 00ed 13       		.byte	19
 267 00ee 8E       		.byte	-114
 268 00ef 0C       		.byte	12
 269 00f0 90       		.byte	-112
 270 00f1 40       		.byte	64
 271 00f2 94       		.byte	-108
 272 00f3 0A       		.byte	10
 273 00f4 95       		.byte	-107
 274 00f5 01       		.byte	1
 275 00f6 96       		.byte	-106
 276 00f7 14       		.byte	20
 277 00f8 A0       		.byte	-96
 278 00f9 03       		.byte	3
 279 00fa A2       		.byte	-94
 280 00fb 14       		.byte	20
 281 00fc A6       		.byte	-90
 282 00fd 08       		.byte	8
 283 00fe B0       		.byte	-80
 284 00ff 10       		.byte	16
 285 0100 B2       		.byte	-78
ARM GAS  C:\Users\karth\AppData\Local\Temp\cccGoO5e.s 			page 6


 286 0101 20       		.byte	32
 287 0102 B3       		.byte	-77
 288 0103 01       		.byte	1
 289 0104 B4       		.byte	-76
 290 0105 40       		.byte	64
 291 0106 B6       		.byte	-74
 292 0107 0F       		.byte	15
 293 0108 BA       		.byte	-70
 294 0109 80       		.byte	-128
 295 010a BE       		.byte	-66
 296 010b 15       		.byte	21
 297 010c BF       		.byte	-65
 298 010d 04       		.byte	4
 299 010e C0       		.byte	-64
 300 010f 16       		.byte	22
 301 0110 C1       		.byte	-63
 302 0111 04       		.byte	4
 303 0112 C6       		.byte	-58
 304 0113 0C       		.byte	12
 305 0114 C7       		.byte	-57
 306 0115 EB       		.byte	-21
 307 0116 C8       		.byte	-56
 308 0117 34       		.byte	52
 309 0118 C9       		.byte	-55
 310 0119 FF       		.byte	-1
 311 011a CA       		.byte	-54
 312 011b FF       		.byte	-1
 313 011c CB       		.byte	-53
 314 011d FF       		.byte	-1
 315 011e CE       		.byte	-50
 316 011f F0       		.byte	-16
 317 0120 CF       		.byte	-49
 318 0121 44       		.byte	68
 319 0122 D0       		.byte	-48
 320 0123 0C       		.byte	12
 321 0124 D4       		.byte	-44
 322 0125 01       		.byte	1
 323 0126 D6       		.byte	-42
 324 0127 04       		.byte	4
 325 0128 D8       		.byte	-40
 326 0129 04       		.byte	4
 327 012a D9       		.byte	-39
 328 012b 04       		.byte	4
 329 012c DA       		.byte	-38
 330 012d 04       		.byte	4
 331 012e DB       		.byte	-37
 332 012f 04       		.byte	4
 333 0130 DC       		.byte	-36
 334 0131 01       		.byte	1
 335 0132 DD       		.byte	-35
 336 0133 11       		.byte	17
 337 0134 DF       		.byte	-33
 338 0135 01       		.byte	1
 339 0136 E6       		.byte	-26
 340 0137 C0       		.byte	-64
 341 0138 EA       		.byte	-22
 342 0139 40       		.byte	64
ARM GAS  C:\Users\karth\AppData\Local\Temp\cccGoO5e.s 			page 7


 343 013a EB       		.byte	-21
 344 013b 02       		.byte	2
 345 013c 00       		.byte	0
 346 013d 04       		.byte	4
 347 013e 01       		.byte	1
 348 013f 02       		.byte	2
 349 0140 04       		.byte	4
 350 0141 08       		.byte	8
 351 0142 05       		.byte	5
 352 0143 51       		.byte	81
 353 0144 08       		.byte	8
 354 0145 02       		.byte	2
 355 0146 09       		.byte	9
 356 0147 8A       		.byte	-118
 357 0148 0A       		.byte	10
 358 0149 04       		.byte	4
 359 014a 0D       		.byte	13
 360 014b 0A       		.byte	10
 361 014c 10       		.byte	16
 362 014d 88       		.byte	-120
 363 014e 11       		.byte	17
 364 014f 08       		.byte	8
 365 0150 16       		.byte	22
 366 0151 80       		.byte	-128
 367 0152 17       		.byte	23
 368 0153 08       		.byte	8
 369 0154 19       		.byte	25
 370 0155 13       		.byte	19
 371 0156 1A       		.byte	26
 372 0157 14       		.byte	20
 373 0158 1D       		.byte	29
 374 0159 C0       		.byte	-64
 375 015a 1E       		.byte	30
 376 015b 48       		.byte	72
 377 015c 1F       		.byte	31
 378 015d 08       		.byte	8
 379 015e 20       		.byte	32
 380 015f 05       		.byte	5
 381 0160 21       		.byte	33
 382 0161 08       		.byte	8
 383 0162 22       		.byte	34
 384 0163 10       		.byte	16
 385 0164 23       		.byte	35
 386 0165 08       		.byte	8
 387 0166 27       		.byte	39
 388 0167 10       		.byte	16
 389 0168 28       		.byte	40
 390 0169 80       		.byte	-128
 391 016a 29       		.byte	41
 392 016b 41       		.byte	65
 393 016c 30       		.byte	48
 394 016d 80       		.byte	-128
 395 016e 31       		.byte	49
 396 016f 08       		.byte	8
 397 0170 32       		.byte	50
 398 0171 10       		.byte	16
 399 0172 36       		.byte	54
ARM GAS  C:\Users\karth\AppData\Local\Temp\cccGoO5e.s 			page 8


 400 0173 08       		.byte	8
 401 0174 38       		.byte	56
 402 0175 08       		.byte	8
 403 0176 40       		.byte	64
 404 0177 01       		.byte	1
 405 0178 44       		.byte	68
 406 0179 80       		.byte	-128
 407 017a 45       		.byte	69
 408 017b 80       		.byte	-128
 409 017c 48       		.byte	72
 410 017d 80       		.byte	-128
 411 017e 4C       		.byte	76
 412 017f 04       		.byte	4
 413 0180 50       		.byte	80
 414 0181 0C       		.byte	12
 415 0182 55       		.byte	85
 416 0183 06       		.byte	6
 417 0184 56       		.byte	86
 418 0185 C0       		.byte	-64
 419 0186 5C       		.byte	92
 420 0187 02       		.byte	2
 421 0188 5E       		.byte	94
 422 0189 48       		.byte	72
 423 018a 5F       		.byte	95
 424 018b 10       		.byte	16
 425 018c 66       		.byte	102
 426 018d 01       		.byte	1
 427 018e 82       		.byte	-126
 428 018f 01       		.byte	1
 429 0190 8A       		.byte	-118
 430 0191 40       		.byte	64
 431 0192 8B       		.byte	-117
 432 0193 18       		.byte	24
 433 0194 8E       		.byte	-114
 434 0195 08       		.byte	8
 435 0196 96       		.byte	-106
 436 0197 10       		.byte	16
 437 0198 9F       		.byte	-97
 438 0199 10       		.byte	16
 439 019a B7       		.byte	-73
 440 019b 10       		.byte	16
 441 019c C0       		.byte	-64
 442 019d FC       		.byte	-4
 443 019e C2       		.byte	-62
 444 019f 37       		.byte	55
 445 01a0 C4       		.byte	-60
 446 01a1 3E       		.byte	62
 447 01a2 CA       		.byte	-54
 448 01a3 09       		.byte	9
 449 01a4 CC       		.byte	-52
 450 01a5 4E       		.byte	78
 451 01a6 CE       		.byte	-50
 452 01a7 02       		.byte	2
 453 01a8 D0       		.byte	-48
 454 01a9 98       		.byte	-104
 455 01aa D2       		.byte	-46
 456 01ab 20       		.byte	32
ARM GAS  C:\Users\karth\AppData\Local\Temp\cccGoO5e.s 			page 9


 457 01ac D6       		.byte	-42
 458 01ad F0       		.byte	-16
 459 01ae D8       		.byte	-40
 460 01af 80       		.byte	-128
 461 01b0 E4       		.byte	-28
 462 01b1 40       		.byte	64
 463 01b2 EE       		.byte	-18
 464 01b3 40       		.byte	64
 465 01b4 96       		.byte	-106
 466 01b5 10       		.byte	16
 467 01b6 E0       		.byte	-32
 468 01b7 20       		.byte	32
 469 01b8 E4       		.byte	-28
 470 01b9 40       		.byte	64
 471 01ba 32       		.byte	50
 472 01bb 08       		.byte	8
 473 01bc 33       		.byte	51
 474 01bd 80       		.byte	-128
 475 01be 37       		.byte	55
 476 01bf 10       		.byte	16
 477 01c0 CC       		.byte	-52
 478 01c1 70       		.byte	112
 479 01c2 9F       		.byte	-97
 480 01c3 10       		.byte	16
 481 01c4 A6       		.byte	-90
 482 01c5 08       		.byte	8
 483 01c6 A7       		.byte	-89
 484 01c7 80       		.byte	-128
 485 01c8 87       		.byte	-121
 486 01c9 01       		.byte	1
 487 01ca 9F       		.byte	-97
 488 01cb 10       		.byte	16
 489 01cc A6       		.byte	-90
 490 01cd 08       		.byte	8
 491 01ce A7       		.byte	-89
 492 01cf 80       		.byte	-128
 493 01d0 E0       		.byte	-32
 494 01d1 40       		.byte	64
 495 01d2 12       		.byte	18
 496 01d3 08       		.byte	8
 497 01d4 9F       		.byte	-97
 498 01d5 11       		.byte	17
 499 01d6 A6       		.byte	-90
 500 01d7 08       		.byte	8
 501 01d8 A7       		.byte	-89
 502 01d9 80       		.byte	-128
 503 01da C4       		.byte	-60
 504 01db 40       		.byte	64
 505 01dc 7C       		.byte	124
 506 01dd 01       		.byte	1
 507 01de DE       		.byte	-34
 508 01df 01       		.byte	1
 509 01e0 8C       		.byte	-116
 510 01e1 01       		.byte	1
 511 01e2 94       		.byte	-108
 512 01e3 01       		.byte	1
 513 01e4 E4       		.byte	-28
ARM GAS  C:\Users\karth\AppData\Local\Temp\cccGoO5e.s 			page 10


 514 01e5 08       		.byte	8
 515 01e6 45       		.byte	69
 516 01e7 08       		.byte	8
 517 01e8 5C       		.byte	92
 518 01e9 04       		.byte	4
 519 01ea 85       		.byte	-123
 520 01eb 08       		.byte	8
 521 01ec D0       		.byte	-48
 522 01ed 01       		.byte	1
 523 01ee D6       		.byte	-42
 524 01ef 01       		.byte	1
 525 01f0 94       		.byte	-108
 526 01f1 04       		.byte	4
 527 01f2 24       		.byte	36
 528 01f3 20       		.byte	32
 529 01f4 27       		.byte	39
 530 01f5 01       		.byte	1
 531 01f6 50       		.byte	80
 532 01f7 10       		.byte	16
 533 01f8 56       		.byte	86
 534 01f9 20       		.byte	32
 535 01fa 9F       		.byte	-97
 536 01fb 11       		.byte	17
 537 01fc A7       		.byte	-89
 538 01fd 80       		.byte	-128
 539 01fe C8       		.byte	-56
 540 01ff A0       		.byte	-96
 541 0200 D4       		.byte	-44
 542 0201 60       		.byte	96
 543 0202 1B       		.byte	27
 544 0203 80       		.byte	-128
 545 0204 83       		.byte	-125
 546 0205 10       		.byte	16
 547 0206 8C       		.byte	-116
 548 0207 10       		.byte	16
 549 0208 90       		.byte	-112
 550 0209 20       		.byte	32
 551 020a 9F       		.byte	-97
 552 020b 10       		.byte	16
 553 020c A7       		.byte	-89
 554 020d 80       		.byte	-128
 555 020e B6       		.byte	-74
 556 020f 20       		.byte	32
 557 0210 C6       		.byte	-58
 558 0211 40       		.byte	64
 559 0212 E2       		.byte	-30
 560 0213 20       		.byte	32
 561 0214 94       		.byte	-108
 562 0215 04       		.byte	4
 563 0216 73       		.byte	115
 564 0217 40       		.byte	64
 565 0218 8B       		.byte	-117
 566 0219 40       		.byte	64
 567 021a 8C       		.byte	-116
 568 021b 04       		.byte	4
 569 021c 94       		.byte	-108
 570 021d 04       		.byte	4
ARM GAS  C:\Users\karth\AppData\Local\Temp\cccGoO5e.s 			page 11


 571 021e DC       		.byte	-36
 572 021f 01       		.byte	1
 573 0220 E0       		.byte	-32
 574 0221 04       		.byte	4
 575 0222 E4       		.byte	-28
 576 0223 02       		.byte	2
 577 0224 10       		.byte	16
 578 0225 02       		.byte	2
 579 0226 1A       		.byte	26
 580 0227 02       		.byte	2
 581 0228 00       		.byte	0
 582 0229 2F       		.byte	47
 583 022a 00       		.byte	0
 584 022b 00       		.byte	0
 585 022c 80       		.byte	-128
 586 022d 00       		.byte	0
 587 022e 00       		.byte	0
 588 022f 80       		.byte	-128
 589 0230 80       		.byte	-128
 590 0231 00       		.byte	0
 591 0232 80       		.byte	-128
 592 0233 00       		.byte	0
 593 0234 00       		.byte	0
 594 0235 00       		.byte	0
 595 0236 00       		.byte	0
 596 0237 00       		.byte	0
 597 0238 00       		.byte	0
 598 0239 0C       		.byte	12
 599 023a 0C       		.byte	12
 600 023b 00       		.byte	0
 601 023c 0C       		.byte	12
 602 023d 00       		.byte	0
 603 023e 00       		.byte	0
 604 023f 00       		.byte	0
 605 0240 80       		.byte	-128
 606 0241 00       		.byte	0
 607 0242 00       		.byte	0
 608 0243 8B       		.byte	-117
 609 0244 0B       		.byte	11
 610 0245 00       		.byte	0
 611 0246 00       		.byte	0
 612 0247 00       		.byte	0
 613 0248 00       		.byte	0
 614 0249 00       		.byte	0
 615 024a 00       		.byte	0
 616 024b 00       		.byte	0
 617 024c 00       		.byte	0
 618 024d 02       		.byte	2
 619 024e 02       		.byte	2
 620 024f 00       		.byte	0
 621 0250 00       		.byte	0
 622 0251 00       		.byte	0
 623 0252 00       		.byte	0
 624 0253 00       		.byte	0
 625 0254 00       		.byte	0
 626 0255 00       		.byte	0
 627 0256 00       		.byte	0
ARM GAS  C:\Users\karth\AppData\Local\Temp\cccGoO5e.s 			page 12


 628 0257 00       		.byte	0
 629 0258 00       		.byte	0
 630 0259 00       		.byte	0
 631 025a 34       		.byte	52
 632 025b 00       		.byte	0
 633 025c 0A       		.byte	10
 634 025d 01       		.byte	1
 635 025e 18       		.byte	24
 636 025f 01       		.byte	1
 637              		.section	.cywolatch,"a",%progbits
 638              		.align	2
 639              		.type	cy_meta_wonvl, %object
 640              		.size	cy_meta_wonvl, 4
 641              	cy_meta_wonvl:
 642 0000 BC       		.byte	-68
 643 0001 90       		.byte	-112
 644 0002 AC       		.byte	-84
 645 0003 AF       		.byte	-81
 646              		.section	.cycustnvl,"a",%progbits
 647              		.align	2
 648              		.type	cy_meta_custnvl, %object
 649              		.size	cy_meta_custnvl, 4
 650              	cy_meta_custnvl:
 651 0000 00       		.byte	0
 652 0001 00       		.byte	0
 653 0002 40       		.byte	64
 654 0003 05       		.byte	5
 655              		.section	.cymeta,"a",%progbits
 656              		.align	2
 657              		.type	cy_metadata, %object
 658              		.size	cy_metadata, 12
 659              	cy_metadata:
 660 0000 00       		.byte	0
 661 0001 01       		.byte	1
 662 0002 2E       		.byte	46
 663 0003 16       		.byte	22
 664 0004 10       		.byte	16
 665 0005 69       		.byte	105
 666 0006 00       		.byte	0
 667 0007 01       		.byte	1
 668 0008 00       		.byte	0
 669 0009 00       		.byte	0
 670 000a 00       		.byte	0
 671 000b 00       		.byte	0
 672              		.section	.cyflashprotect,"a",%progbits
 673              		.align	2
 674              		.type	cy_meta_flashprotect, %object
 675              		.size	cy_meta_flashprotect, 256
 676              	cy_meta_flashprotect:
 677 0000 00000000 		.space	256
 677      00000000 
 677      00000000 
 677      00000000 
 677      00000000 
 678              		.text
 679              	.Letext0:
 680              		.file 1 "c:\\program files (x86)\\cypress\\psoc creator\\4.2\\psoc creator\\import\\gnu\\arm\\5.4.
ARM GAS  C:\Users\karth\AppData\Local\Temp\cccGoO5e.s 			page 13


 681              		.file 2 "c:\\program files (x86)\\cypress\\psoc creator\\4.2\\psoc creator\\import\\gnu\\arm\\5.4.
 682              		.file 3 "Generated_Source\\PSoC5\\cymetadata.c"
 683              		.section	.debug_info,"",%progbits
 684              	.Ldebug_info0:
 685 0000 31010000 		.4byte	0x131
 686 0004 0400     		.2byte	0x4
 687 0006 00000000 		.4byte	.Ldebug_abbrev0
 688 000a 04       		.byte	0x4
 689 000b 01       		.uleb128 0x1
 690 000c 24000000 		.4byte	.LASF17
 691 0010 0C       		.byte	0xc
 692 0011 D8010000 		.4byte	.LASF18
 693 0015 B2000000 		.4byte	.LASF19
 694 0019 00000000 		.4byte	.Ldebug_line0
 695 001d 02       		.uleb128 0x2
 696 001e 01       		.byte	0x1
 697 001f 06       		.byte	0x6
 698 0020 CC010000 		.4byte	.LASF0
 699 0024 03       		.uleb128 0x3
 700 0025 00000000 		.4byte	.LASF9
 701 0029 01       		.byte	0x1
 702 002a 1D       		.byte	0x1d
 703 002b 2F000000 		.4byte	0x2f
 704 002f 02       		.uleb128 0x2
 705 0030 01       		.byte	0x1
 706 0031 08       		.byte	0x8
 707 0032 16000000 		.4byte	.LASF1
 708 0036 02       		.uleb128 0x2
 709 0037 02       		.byte	0x2
 710 0038 05       		.byte	0x5
 711 0039 B9010000 		.4byte	.LASF2
 712 003d 02       		.uleb128 0x2
 713 003e 02       		.byte	0x2
 714 003f 07       		.byte	0x7
 715 0040 0C010000 		.4byte	.LASF3
 716 0044 02       		.uleb128 0x2
 717 0045 04       		.byte	0x4
 718 0046 05       		.byte	0x5
 719 0047 C3010000 		.4byte	.LASF4
 720 004b 02       		.uleb128 0x2
 721 004c 04       		.byte	0x4
 722 004d 07       		.byte	0x7
 723 004e 1F010000 		.4byte	.LASF5
 724 0052 02       		.uleb128 0x2
 725 0053 08       		.byte	0x8
 726 0054 05       		.byte	0x5
 727 0055 AB010000 		.4byte	.LASF6
 728 0059 02       		.uleb128 0x2
 729 005a 08       		.byte	0x8
 730 005b 07       		.byte	0x7
 731 005c 60010000 		.4byte	.LASF7
 732 0060 04       		.uleb128 0x4
 733 0061 04       		.byte	0x4
 734 0062 05       		.byte	0x5
 735 0063 696E7400 		.ascii	"int\000"
 736 0067 02       		.uleb128 0x2
 737 0068 04       		.byte	0x4
ARM GAS  C:\Users\karth\AppData\Local\Temp\cccGoO5e.s 			page 14


 738 0069 07       		.byte	0x7
 739 006a 53010000 		.4byte	.LASF8
 740 006e 03       		.uleb128 0x3
 741 006f 77010000 		.4byte	.LASF10
 742 0073 02       		.byte	0x2
 743 0074 18       		.byte	0x18
 744 0075 24000000 		.4byte	0x24
 745 0079 05       		.uleb128 0x5
 746 007a 91000000 		.4byte	0x91
 747 007e 8A000000 		.4byte	0x8a
 748 0082 06       		.uleb128 0x6
 749 0083 8A000000 		.4byte	0x8a
 750 0087 5F02     		.2byte	0x25f
 751 0089 00       		.byte	0
 752 008a 02       		.uleb128 0x2
 753 008b 04       		.byte	0x4
 754 008c 07       		.byte	0x7
 755 008d A2010000 		.4byte	.LASF11
 756 0091 07       		.uleb128 0x7
 757 0092 6E000000 		.4byte	0x6e
 758 0096 08       		.uleb128 0x8
 759 0097 41010000 		.4byte	.LASF12
 760 009b 03       		.byte	0x3
 761 009c 1F       		.byte	0x1f
 762 009d A7000000 		.4byte	0xa7
 763 00a1 05       		.uleb128 0x5
 764 00a2 03       		.byte	0x3
 765 00a3 00000000 		.4byte	cy_meta_configecc
 766 00a7 07       		.uleb128 0x7
 767 00a8 79000000 		.4byte	0x79
 768 00ac 05       		.uleb128 0x5
 769 00ad 91000000 		.4byte	0x91
 770 00b1 BC000000 		.4byte	0xbc
 771 00b5 09       		.uleb128 0x9
 772 00b6 8A000000 		.4byte	0x8a
 773 00ba 03       		.byte	0x3
 774 00bb 00       		.byte	0
 775 00bc 08       		.uleb128 0x8
 776 00bd 31010000 		.4byte	.LASF13
 777 00c1 03       		.byte	0x3
 778 00c2 78       		.byte	0x78
 779 00c3 CD000000 		.4byte	0xcd
 780 00c7 05       		.uleb128 0x5
 781 00c8 03       		.byte	0x3
 782 00c9 00000000 		.4byte	cy_meta_custnvl
 783 00cd 07       		.uleb128 0x7
 784 00ce AC000000 		.4byte	0xac
 785 00d2 08       		.uleb128 0x8
 786 00d3 94010000 		.4byte	.LASF14
 787 00d7 03       		.byte	0x3
 788 00d8 86       		.byte	0x86
 789 00d9 E3000000 		.4byte	0xe3
 790 00dd 05       		.uleb128 0x5
 791 00de 03       		.byte	0x3
 792 00df 00000000 		.4byte	cy_meta_wonvl
 793 00e3 07       		.uleb128 0x7
 794 00e4 AC000000 		.4byte	0xac
ARM GAS  C:\Users\karth\AppData\Local\Temp\cccGoO5e.s 			page 15


 795 00e8 05       		.uleb128 0x5
 796 00e9 91000000 		.4byte	0x91
 797 00ed F8000000 		.4byte	0xf8
 798 00f1 09       		.uleb128 0x9
 799 00f2 8A000000 		.4byte	0x8a
 800 00f6 FF       		.byte	0xff
 801 00f7 00       		.byte	0
 802 00f8 08       		.uleb128 0x8
 803 00f9 7F010000 		.4byte	.LASF15
 804 00fd 03       		.byte	0x3
 805 00fe 94       		.byte	0x94
 806 00ff 09010000 		.4byte	0x109
 807 0103 05       		.uleb128 0x5
 808 0104 03       		.byte	0x3
 809 0105 00000000 		.4byte	cy_meta_flashprotect
 810 0109 07       		.uleb128 0x7
 811 010a E8000000 		.4byte	0xe8
 812 010e 05       		.uleb128 0x5
 813 010f 91000000 		.4byte	0x91
 814 0113 1E010000 		.4byte	0x11e
 815 0117 09       		.uleb128 0x9
 816 0118 8A000000 		.4byte	0x8a
 817 011c 0B       		.byte	0xb
 818 011d 00       		.byte	0
 819 011e 08       		.uleb128 0x8
 820 011f 0A000000 		.4byte	.LASF16
 821 0123 03       		.byte	0x3
 822 0124 C1       		.byte	0xc1
 823 0125 2F010000 		.4byte	0x12f
 824 0129 05       		.uleb128 0x5
 825 012a 03       		.byte	0x3
 826 012b 00000000 		.4byte	cy_metadata
 827 012f 07       		.uleb128 0x7
 828 0130 0E010000 		.4byte	0x10e
 829 0134 00       		.byte	0
 830              		.section	.debug_abbrev,"",%progbits
 831              	.Ldebug_abbrev0:
 832 0000 01       		.uleb128 0x1
 833 0001 11       		.uleb128 0x11
 834 0002 01       		.byte	0x1
 835 0003 25       		.uleb128 0x25
 836 0004 0E       		.uleb128 0xe
 837 0005 13       		.uleb128 0x13
 838 0006 0B       		.uleb128 0xb
 839 0007 03       		.uleb128 0x3
 840 0008 0E       		.uleb128 0xe
 841 0009 1B       		.uleb128 0x1b
 842 000a 0E       		.uleb128 0xe
 843 000b 10       		.uleb128 0x10
 844 000c 17       		.uleb128 0x17
 845 000d 00       		.byte	0
 846 000e 00       		.byte	0
 847 000f 02       		.uleb128 0x2
 848 0010 24       		.uleb128 0x24
 849 0011 00       		.byte	0
 850 0012 0B       		.uleb128 0xb
 851 0013 0B       		.uleb128 0xb
ARM GAS  C:\Users\karth\AppData\Local\Temp\cccGoO5e.s 			page 16


 852 0014 3E       		.uleb128 0x3e
 853 0015 0B       		.uleb128 0xb
 854 0016 03       		.uleb128 0x3
 855 0017 0E       		.uleb128 0xe
 856 0018 00       		.byte	0
 857 0019 00       		.byte	0
 858 001a 03       		.uleb128 0x3
 859 001b 16       		.uleb128 0x16
 860 001c 00       		.byte	0
 861 001d 03       		.uleb128 0x3
 862 001e 0E       		.uleb128 0xe
 863 001f 3A       		.uleb128 0x3a
 864 0020 0B       		.uleb128 0xb
 865 0021 3B       		.uleb128 0x3b
 866 0022 0B       		.uleb128 0xb
 867 0023 49       		.uleb128 0x49
 868 0024 13       		.uleb128 0x13
 869 0025 00       		.byte	0
 870 0026 00       		.byte	0
 871 0027 04       		.uleb128 0x4
 872 0028 24       		.uleb128 0x24
 873 0029 00       		.byte	0
 874 002a 0B       		.uleb128 0xb
 875 002b 0B       		.uleb128 0xb
 876 002c 3E       		.uleb128 0x3e
 877 002d 0B       		.uleb128 0xb
 878 002e 03       		.uleb128 0x3
 879 002f 08       		.uleb128 0x8
 880 0030 00       		.byte	0
 881 0031 00       		.byte	0
 882 0032 05       		.uleb128 0x5
 883 0033 01       		.uleb128 0x1
 884 0034 01       		.byte	0x1
 885 0035 49       		.uleb128 0x49
 886 0036 13       		.uleb128 0x13
 887 0037 01       		.uleb128 0x1
 888 0038 13       		.uleb128 0x13
 889 0039 00       		.byte	0
 890 003a 00       		.byte	0
 891 003b 06       		.uleb128 0x6
 892 003c 21       		.uleb128 0x21
 893 003d 00       		.byte	0
 894 003e 49       		.uleb128 0x49
 895 003f 13       		.uleb128 0x13
 896 0040 2F       		.uleb128 0x2f
 897 0041 05       		.uleb128 0x5
 898 0042 00       		.byte	0
 899 0043 00       		.byte	0
 900 0044 07       		.uleb128 0x7
 901 0045 26       		.uleb128 0x26
 902 0046 00       		.byte	0
 903 0047 49       		.uleb128 0x49
 904 0048 13       		.uleb128 0x13
 905 0049 00       		.byte	0
 906 004a 00       		.byte	0
 907 004b 08       		.uleb128 0x8
 908 004c 34       		.uleb128 0x34
ARM GAS  C:\Users\karth\AppData\Local\Temp\cccGoO5e.s 			page 17


 909 004d 00       		.byte	0
 910 004e 03       		.uleb128 0x3
 911 004f 0E       		.uleb128 0xe
 912 0050 3A       		.uleb128 0x3a
 913 0051 0B       		.uleb128 0xb
 914 0052 3B       		.uleb128 0x3b
 915 0053 0B       		.uleb128 0xb
 916 0054 49       		.uleb128 0x49
 917 0055 13       		.uleb128 0x13
 918 0056 3F       		.uleb128 0x3f
 919 0057 19       		.uleb128 0x19
 920 0058 02       		.uleb128 0x2
 921 0059 18       		.uleb128 0x18
 922 005a 00       		.byte	0
 923 005b 00       		.byte	0
 924 005c 09       		.uleb128 0x9
 925 005d 21       		.uleb128 0x21
 926 005e 00       		.byte	0
 927 005f 49       		.uleb128 0x49
 928 0060 13       		.uleb128 0x13
 929 0061 2F       		.uleb128 0x2f
 930 0062 0B       		.uleb128 0xb
 931 0063 00       		.byte	0
 932 0064 00       		.byte	0
 933 0065 00       		.byte	0
 934              		.section	.debug_aranges,"",%progbits
 935 0000 14000000 		.4byte	0x14
 936 0004 0200     		.2byte	0x2
 937 0006 00000000 		.4byte	.Ldebug_info0
 938 000a 04       		.byte	0x4
 939 000b 00       		.byte	0
 940 000c 0000     		.2byte	0
 941 000e 0000     		.2byte	0
 942 0010 00000000 		.4byte	0
 943 0014 00000000 		.4byte	0
 944              		.section	.debug_line,"",%progbits
 945              	.Ldebug_line0:
 946 0000 3D010000 		.section	.debug_str,"MS",%progbits,1
 946      02003701 
 946      00000201 
 946      FB0E0D00 
 946      01010101 
 947              	.LASF9:
 948 0000 5F5F7569 		.ascii	"__uint8_t\000"
 948      6E74385F 
 948      7400
 949              	.LASF16:
 950 000a 63795F6D 		.ascii	"cy_metadata\000"
 950      65746164 
 950      61746100 
 951              	.LASF1:
 952 0016 756E7369 		.ascii	"unsigned char\000"
 952      676E6564 
 952      20636861 
 952      7200
 953              	.LASF17:
 954 0024 474E5520 		.ascii	"GNU C11 5.4.1 20160609 (release) [ARM/embedded-5-br"
ARM GAS  C:\Users\karth\AppData\Local\Temp\cccGoO5e.s 			page 18


 954      43313120 
 954      352E342E 
 954      31203230 
 954      31363036 
 955 0057 616E6368 		.ascii	"anch revision 237715] -mcpu=cortex-m3 -mthumb -g -O"
 955      20726576 
 955      6973696F 
 955      6E203233 
 955      37373135 
 956 008a 67202D66 		.ascii	"g -ffunction-sections -ffat-lto-objects\000"
 956      66756E63 
 956      74696F6E 
 956      2D736563 
 956      74696F6E 
 957              	.LASF19:
 958 00b2 433A5C55 		.ascii	"C:\\Users\\karth\\Downloads\\conductometry\\psoc-lo"
 958      73657273 
 958      5C6B6172 
 958      74685C44 
 958      6F776E6C 
 959 00e0 636B2D69 		.ascii	"ck-in-H2O-conductance\\Lock-in_H2O_02b.cydsn\000"
 959      6E2D4832 
 959      4F2D636F 
 959      6E647563 
 959      74616E63 
 960              	.LASF3:
 961 010c 73686F72 		.ascii	"short unsigned int\000"
 961      7420756E 
 961      7369676E 
 961      65642069 
 961      6E7400
 962              	.LASF5:
 963 011f 6C6F6E67 		.ascii	"long unsigned int\000"
 963      20756E73 
 963      69676E65 
 963      6420696E 
 963      7400
 964              	.LASF13:
 965 0131 63795F6D 		.ascii	"cy_meta_custnvl\000"
 965      6574615F 
 965      63757374 
 965      6E766C00 
 966              	.LASF12:
 967 0141 63795F6D 		.ascii	"cy_meta_configecc\000"
 967      6574615F 
 967      636F6E66 
 967      69676563 
 967      6300
 968              	.LASF8:
 969 0153 756E7369 		.ascii	"unsigned int\000"
 969      676E6564 
 969      20696E74 
 969      00
 970              	.LASF7:
 971 0160 6C6F6E67 		.ascii	"long long unsigned int\000"
 971      206C6F6E 
 971      6720756E 
ARM GAS  C:\Users\karth\AppData\Local\Temp\cccGoO5e.s 			page 19


 971      7369676E 
 971      65642069 
 972              	.LASF10:
 973 0177 75696E74 		.ascii	"uint8_t\000"
 973      385F7400 
 974              	.LASF15:
 975 017f 63795F6D 		.ascii	"cy_meta_flashprotect\000"
 975      6574615F 
 975      666C6173 
 975      6870726F 
 975      74656374 
 976              	.LASF14:
 977 0194 63795F6D 		.ascii	"cy_meta_wonvl\000"
 977      6574615F 
 977      776F6E76 
 977      6C00
 978              	.LASF11:
 979 01a2 73697A65 		.ascii	"sizetype\000"
 979      74797065 
 979      00
 980              	.LASF6:
 981 01ab 6C6F6E67 		.ascii	"long long int\000"
 981      206C6F6E 
 981      6720696E 
 981      7400
 982              	.LASF2:
 983 01b9 73686F72 		.ascii	"short int\000"
 983      7420696E 
 983      7400
 984              	.LASF4:
 985 01c3 6C6F6E67 		.ascii	"long int\000"
 985      20696E74 
 985      00
 986              	.LASF0:
 987 01cc 7369676E 		.ascii	"signed char\000"
 987      65642063 
 987      68617200 
 988              	.LASF18:
 989 01d8 47656E65 		.ascii	"Generated_Source\\PSoC5\\cymetadata.c\000"
 989      72617465 
 989      645F536F 
 989      75726365 
 989      5C50536F 
 990              		.ident	"GCC: (GNU Tools for ARM Embedded Processors) 5.4.1 20160609 (release) [ARM/embedded-5-bran
